17-May-2022 20:20:57.472 INFO [main] org.apache.catalina.startup.VersionLoggerListener.log Server version name:   Apache Tomcat/9.0.62
17-May-2022 20:20:57.475 INFO [main] org.apache.catalina.startup.VersionLoggerListener.log Server built:          Mar 31 2022 14:34:15 UTC
17-May-2022 20:20:57.476 INFO [main] org.apache.catalina.startup.VersionLoggerListener.log Server version number: 9.0.62.0
17-May-2022 20:20:57.476 INFO [main] org.apache.catalina.startup.VersionLoggerListener.log OS Name:               Windows 10
17-May-2022 20:20:57.476 INFO [main] org.apache.catalina.startup.VersionLoggerListener.log OS Version:            10.0
17-May-2022 20:20:57.476 INFO [main] org.apache.catalina.startup.VersionLoggerListener.log Architecture:          amd64
17-May-2022 20:20:57.476 INFO [main] org.apache.catalina.startup.VersionLoggerListener.log Java Home:             C:\Program Files\Java\jre1.8.0_311
17-May-2022 20:20:57.477 INFO [main] org.apache.catalina.startup.VersionLoggerListener.log JVM Version:           1.8.0_311-b11
17-May-2022 20:20:57.477 INFO [main] org.apache.catalina.startup.VersionLoggerListener.log JVM Vendor:            Oracle Corporation
17-May-2022 20:20:57.477 INFO [main] org.apache.catalina.startup.VersionLoggerListener.log CATALINA_BASE:         C:\Users\medoa\Desktop\apache-tomcat-9.0.62-windows-x64\apache-tomcat-9.0.62
17-May-2022 20:20:57.477 INFO [main] org.apache.catalina.startup.VersionLoggerListener.log CATALINA_HOME:         C:\Users\medoa\Desktop\apache-tomcat-9.0.62-windows-x64\apache-tomcat-9.0.62
17-May-2022 20:20:57.478 INFO [main] org.apache.catalina.startup.VersionLoggerListener.log Command line argument: -Djava.util.logging.config.file=C:\Users\medoa\Desktop\apache-tomcat-9.0.62-windows-x64\apache-tomcat-9.0.62\conf\logging.properties
17-May-2022 20:20:57.478 INFO [main] org.apache.catalina.startup.VersionLoggerListener.log Command line argument: -Djava.util.logging.manager=org.apache.juli.ClassLoaderLogManager
17-May-2022 20:20:57.478 INFO [main] org.apache.catalina.startup.VersionLoggerListener.log Command line argument: -Djdk.tls.ephemeralDHKeySize=2048
17-May-2022 20:20:57.479 INFO [main] org.apache.catalina.startup.VersionLoggerListener.log Command line argument: -Djava.protocol.handler.pkgs=org.apache.catalina.webresources
17-May-2022 20:20:57.479 INFO [main] org.apache.catalina.startup.VersionLoggerListener.log Command line argument: -Dignore.endorsed.dirs=
17-May-2022 20:20:57.479 INFO [main] org.apache.catalina.startup.VersionLoggerListener.log Command line argument: -Dcatalina.base=C:\Users\medoa\Desktop\apache-tomcat-9.0.62-windows-x64\apache-tomcat-9.0.62
17-May-2022 20:20:57.479 INFO [main] org.apache.catalina.startup.VersionLoggerListener.log Command line argument: -Dcatalina.home=C:\Users\medoa\Desktop\apache-tomcat-9.0.62-windows-x64\apache-tomcat-9.0.62
17-May-2022 20:20:57.480 INFO [main] org.apache.catalina.startup.VersionLoggerListener.log Command line argument: -Djava.io.tmpdir=C:\Users\medoa\Desktop\apache-tomcat-9.0.62-windows-x64\apache-tomcat-9.0.62\temp
17-May-2022 20:20:57.484 INFO [main] org.apache.catalina.core.AprLifecycleListener.lifecycleEvent Loaded Apache Tomcat Native library [1.2.32] using APR version [1.7.0].
17-May-2022 20:20:57.484 INFO [main] org.apache.catalina.core.AprLifecycleListener.lifecycleEvent APR capabilities: IPv6 [true], sendfile [true], accept filters [false], random [true], UDS [true].
17-May-2022 20:20:57.485 INFO [main] org.apache.catalina.core.AprLifecycleListener.lifecycleEvent APR/OpenSSL configuration: useAprConnector [false], useOpenSSL [true]
17-May-2022 20:20:57.490 INFO [main] org.apache.catalina.core.AprLifecycleListener.initializeSSL OpenSSL successfully initialized [OpenSSL 1.1.1n  15 Mar 2022]
17-May-2022 20:20:58.196 INFO [main] org.apache.coyote.AbstractProtocol.init Initializing ProtocolHandler ["http-nio-8080"]
17-May-2022 20:20:58.232 INFO [main] org.apache.catalina.startup.Catalina.load Server initialization in [947] milliseconds
17-May-2022 20:20:58.423 INFO [main] org.apache.catalina.core.StandardService.startInternal Starting service [Catalina]
17-May-2022 20:20:58.424 INFO [main] org.apache.catalina.core.StandardEngine.startInternal Starting Servlet engine: [Apache Tomcat/9.0.62]
17-May-2022 20:20:58.452 INFO [main] org.apache.catalina.startup.HostConfig.deployDirectory Deploying web application directory [C:\Users\medoa\Desktop\apache-tomcat-9.0.62-windows-x64\apache-tomcat-9.0.62\webapps\docs]
17-May-2022 20:20:59.529 INFO [main] org.apache.jasper.servlet.TldScanner.scanJars At least one JAR was scanned for TLDs yet contained no TLDs. Enable debug logging for this logger for a complete list of JARs that were scanned but no TLDs were found in them. Skipping unneeded JARs during scanning can improve startup time and JSP compilation time.
17-May-2022 20:20:59.838 WARNING [main] org.apache.catalina.util.SessionIdGeneratorBase.createSecureRandom Creation of SecureRandom instance for session ID generation using [SHA1PRNG] took [255] milliseconds.
17-May-2022 20:20:59.870 INFO [main] org.apache.catalina.startup.HostConfig.deployDirectory Deployment of web application directory [C:\Users\medoa\Desktop\apache-tomcat-9.0.62-windows-x64\apache-tomcat-9.0.62\webapps\docs] has finished in [1,418] ms
17-May-2022 20:20:59.871 INFO [main] org.apache.catalina.startup.HostConfig.deployDirectory Deploying web application directory [C:\Users\medoa\Desktop\apache-tomcat-9.0.62-windows-x64\apache-tomcat-9.0.62\webapps\examples]
17-May-2022 20:21:01.012 INFO [main] org.apache.jasper.servlet.TldScanner.scanJars At least one JAR was scanned for TLDs yet contained no TLDs. Enable debug logging for this logger for a complete list of JARs that were scanned but no TLDs were found in them. Skipping unneeded JARs during scanning can improve startup time and JSP compilation time.
17-May-2022 20:21:01.089 INFO [main] org.apache.catalina.startup.HostConfig.deployDirectory Deployment of web application directory [C:\Users\medoa\Desktop\apache-tomcat-9.0.62-windows-x64\apache-tomcat-9.0.62\webapps\examples] has finished in [1,217] ms
17-May-2022 20:21:01.089 INFO [main] org.apache.catalina.startup.HostConfig.deployDirectory Deploying web application directory [C:\Users\medoa\Desktop\apache-tomcat-9.0.62-windows-x64\apache-tomcat-9.0.62\webapps\host-manager]
17-May-2022 20:21:01.574 INFO [main] org.apache.jasper.servlet.TldScanner.scanJars At least one JAR was scanned for TLDs yet contained no TLDs. Enable debug logging for this logger for a complete list of JARs that were scanned but no TLDs were found in them. Skipping unneeded JARs during scanning can improve startup time and JSP compilation time.
17-May-2022 20:21:01.585 INFO [main] org.apache.catalina.startup.HostConfig.deployDirectory Deployment of web application directory [C:\Users\medoa\Desktop\apache-tomcat-9.0.62-windows-x64\apache-tomcat-9.0.62\webapps\host-manager] has finished in [495] ms
17-May-2022 20:21:01.585 INFO [main] org.apache.catalina.startup.HostConfig.deployDirectory Deploying web application directory [C:\Users\medoa\Desktop\apache-tomcat-9.0.62-windows-x64\apache-tomcat-9.0.62\webapps\manager]
17-May-2022 20:21:02.185 INFO [main] org.apache.jasper.servlet.TldScanner.scanJars At least one JAR was scanned for TLDs yet contained no TLDs. Enable debug logging for this logger for a complete list of JARs that were scanned but no TLDs were found in them. Skipping unneeded JARs during scanning can improve startup time and JSP compilation time.
17-May-2022 20:21:02.193 INFO [main] org.apache.catalina.startup.HostConfig.deployDirectory Deployment of web application directory [C:\Users\medoa\Desktop\apache-tomcat-9.0.62-windows-x64\apache-tomcat-9.0.62\webapps\manager] has finished in [607] ms
17-May-2022 20:21:02.193 INFO [main] org.apache.catalina.startup.HostConfig.deployDirectory Deploying web application directory [C:\Users\medoa\Desktop\apache-tomcat-9.0.62-windows-x64\apache-tomcat-9.0.62\webapps\ROOT]
17-May-2022 20:21:02.670 INFO [main] org.apache.jasper.servlet.TldScanner.scanJars At least one JAR was scanned for TLDs yet contained no TLDs. Enable debug logging for this logger for a complete list of JARs that were scanned but no TLDs were found in them. Skipping unneeded JARs during scanning can improve startup time and JSP compilation time.
17-May-2022 20:21:02.682 INFO [main] org.apache.catalina.startup.HostConfig.deployDirectory Deployment of web application directory [C:\Users\medoa\Desktop\apache-tomcat-9.0.62-windows-x64\apache-tomcat-9.0.62\webapps\ROOT] has finished in [489] ms
17-May-2022 20:21:02.687 INFO [main] org.apache.coyote.AbstractProtocol.start Starting ProtocolHandler ["http-nio-8080"]
17-May-2022 20:21:02.717 INFO [main] org.apache.catalina.startup.Catalina.start Server startup in [4484] milliseconds
17-May-2022 20:24:10.385 INFO [main] org.apache.catalina.startup.VersionLoggerListener.log Server version name:   Apache Tomcat/9.0.62
17-May-2022 20:24:10.388 INFO [main] org.apache.catalina.startup.VersionLoggerListener.log Server built:          Mar 31 2022 14:34:15 UTC
17-May-2022 20:24:10.389 INFO [main] org.apache.catalina.startup.VersionLoggerListener.log Server version number: 9.0.62.0
17-May-2022 20:24:10.389 INFO [main] org.apache.catalina.startup.VersionLoggerListener.log OS Name:               Windows 10
17-May-2022 20:24:10.389 INFO [main] org.apache.catalina.startup.VersionLoggerListener.log OS Version:            10.0
17-May-2022 20:24:10.389 INFO [main] org.apache.catalina.startup.VersionLoggerListener.log Architecture:          amd64
17-May-2022 20:24:10.390 INFO [main] org.apache.catalina.startup.VersionLoggerListener.log Java Home:             C:\Program Files\Java\jre1.8.0_311
17-May-2022 20:24:10.390 INFO [main] org.apache.catalina.startup.VersionLoggerListener.log JVM Version:           1.8.0_311-b11
17-May-2022 20:24:10.390 INFO [main] org.apache.catalina.startup.VersionLoggerListener.log JVM Vendor:            Oracle Corporation
17-May-2022 20:24:10.390 INFO [main] org.apache.catalina.startup.VersionLoggerListener.log CATALINA_BASE:         C:\Users\medoa\Desktop\apache-tomcat-9.0.62-windows-x64\apache-tomcat-9.0.62
17-May-2022 20:24:10.390 INFO [main] org.apache.catalina.startup.VersionLoggerListener.log CATALINA_HOME:         C:\Users\medoa\Desktop\apache-tomcat-9.0.62-windows-x64\apache-tomcat-9.0.62
17-May-2022 20:24:10.391 INFO [main] org.apache.catalina.startup.VersionLoggerListener.log Command line argument: -Djava.util.logging.config.file=C:\Users\medoa\Desktop\apache-tomcat-9.0.62-windows-x64\apache-tomcat-9.0.62\conf\logging.properties
17-May-2022 20:24:10.391 INFO [main] org.apache.catalina.startup.VersionLoggerListener.log Command line argument: -Djava.util.logging.manager=org.apache.juli.ClassLoaderLogManager
17-May-2022 20:24:10.391 INFO [main] org.apache.catalina.startup.VersionLoggerListener.log Command line argument: -Djdk.tls.ephemeralDHKeySize=2048
17-May-2022 20:24:10.392 INFO [main] org.apache.catalina.startup.VersionLoggerListener.log Command line argument: -Djava.protocol.handler.pkgs=org.apache.catalina.webresources
17-May-2022 20:24:10.392 INFO [main] org.apache.catalina.startup.VersionLoggerListener.log Command line argument: -Dignore.endorsed.dirs=
17-May-2022 20:24:10.392 INFO [main] org.apache.catalina.startup.VersionLoggerListener.log Command line argument: -Dcatalina.base=C:\Users\medoa\Desktop\apache-tomcat-9.0.62-windows-x64\apache-tomcat-9.0.62
17-May-2022 20:24:10.393 INFO [main] org.apache.catalina.startup.VersionLoggerListener.log Command line argument: -Dcatalina.home=C:\Users\medoa\Desktop\apache-tomcat-9.0.62-windows-x64\apache-tomcat-9.0.62
17-May-2022 20:24:10.393 INFO [main] org.apache.catalina.startup.VersionLoggerListener.log Command line argument: -Djava.io.tmpdir=C:\Users\medoa\Desktop\apache-tomcat-9.0.62-windows-x64\apache-tomcat-9.0.62\temp
17-May-2022 20:24:10.396 INFO [main] org.apache.catalina.core.AprLifecycleListener.lifecycleEvent Loaded Apache Tomcat Native library [1.2.32] using APR version [1.7.0].
17-May-2022 20:24:10.397 INFO [main] org.apache.catalina.core.AprLifecycleListener.lifecycleEvent APR capabilities: IPv6 [true], sendfile [true], accept filters [false], random [true], UDS [true].
17-May-2022 20:24:10.397 INFO [main] org.apache.catalina.core.AprLifecycleListener.lifecycleEvent APR/OpenSSL configuration: useAprConnector [false], useOpenSSL [true]
17-May-2022 20:24:10.404 INFO [main] org.apache.catalina.core.AprLifecycleListener.initializeSSL OpenSSL successfully initialized [OpenSSL 1.1.1n  15 Mar 2022]
17-May-2022 20:24:10.786 INFO [main] org.apache.coyote.AbstractProtocol.init Initializing ProtocolHandler ["http-nio-8080"]
17-May-2022 20:24:10.812 INFO [main] org.apache.catalina.startup.Catalina.load Server initialization in [615] milliseconds
17-May-2022 20:24:10.847 INFO [main] org.apache.catalina.core.StandardService.startInternal Starting service [Catalina]
17-May-2022 20:24:10.847 INFO [main] org.apache.catalina.core.StandardEngine.startInternal Starting Servlet engine: [Apache Tomcat/9.0.62]
17-May-2022 20:24:10.862 INFO [main] org.apache.catalina.startup.HostConfig.deployDirectory Deploying web application directory [C:\Users\medoa\Desktop\apache-tomcat-9.0.62-windows-x64\apache-tomcat-9.0.62\webapps\docs]
17-May-2022 20:24:12.172 INFO [main] org.apache.jasper.servlet.TldScanner.scanJars At least one JAR was scanned for TLDs yet contained no TLDs. Enable debug logging for this logger for a complete list of JARs that were scanned but no TLDs were found in them. Skipping unneeded JARs during scanning can improve startup time and JSP compilation time.
17-May-2022 20:24:12.482 WARNING [main] org.apache.catalina.util.SessionIdGeneratorBase.createSecureRandom Creation of SecureRandom instance for session ID generation using [SHA1PRNG] took [276] milliseconds.
17-May-2022 20:24:12.502 INFO [main] org.apache.catalina.startup.HostConfig.deployDirectory Deployment of web application directory [C:\Users\medoa\Desktop\apache-tomcat-9.0.62-windows-x64\apache-tomcat-9.0.62\webapps\docs] has finished in [1,640] ms
17-May-2022 20:24:12.502 INFO [main] org.apache.catalina.startup.HostConfig.deployDirectory Deploying web application directory [C:\Users\medoa\Desktop\apache-tomcat-9.0.62-windows-x64\apache-tomcat-9.0.62\webapps\examples]
17-May-2022 20:24:13.271 INFO [main] org.apache.jasper.servlet.TldScanner.scanJars At least one JAR was scanned for TLDs yet contained no TLDs. Enable debug logging for this logger for a complete list of JARs that were scanned but no TLDs were found in them. Skipping unneeded JARs during scanning can improve startup time and JSP compilation time.
17-May-2022 20:24:13.326 INFO [main] org.apache.catalina.startup.HostConfig.deployDirectory Deployment of web application directory [C:\Users\medoa\Desktop\apache-tomcat-9.0.62-windows-x64\apache-tomcat-9.0.62\webapps\examples] has finished in [824] ms
17-May-2022 20:24:13.327 INFO [main] org.apache.catalina.startup.HostConfig.deployDirectory Deploying web application directory [C:\Users\medoa\Desktop\apache-tomcat-9.0.62-windows-x64\apache-tomcat-9.0.62\webapps\host-manager]
17-May-2022 20:24:13.807 INFO [main] org.apache.jasper.servlet.TldScanner.scanJars At least one JAR was scanned for TLDs yet contained no TLDs. Enable debug logging for this logger for a complete list of JARs that were scanned but no TLDs were found in them. Skipping unneeded JARs during scanning can improve startup time and JSP compilation time.
17-May-2022 20:24:13.820 INFO [main] org.apache.catalina.startup.HostConfig.deployDirectory Deployment of web application directory [C:\Users\medoa\Desktop\apache-tomcat-9.0.62-windows-x64\apache-tomcat-9.0.62\webapps\host-manager] has finished in [492] ms
17-May-2022 20:24:13.820 INFO [main] org.apache.catalina.startup.HostConfig.deployDirectory Deploying web application directory [C:\Users\medoa\Desktop\apache-tomcat-9.0.62-windows-x64\apache-tomcat-9.0.62\webapps\manager]
17-May-2022 20:24:14.417 INFO [main] org.apache.jasper.servlet.TldScanner.scanJars At least one JAR was scanned for TLDs yet contained no TLDs. Enable debug logging for this logger for a complete list of JARs that were scanned but no TLDs were found in them. Skipping unneeded JARs during scanning can improve startup time and JSP compilation time.
17-May-2022 20:24:14.426 INFO [main] org.apache.catalina.startup.HostConfig.deployDirectory Deployment of web application directory [C:\Users\medoa\Desktop\apache-tomcat-9.0.62-windows-x64\apache-tomcat-9.0.62\webapps\manager] has finished in [606] ms
17-May-2022 20:24:14.426 INFO [main] org.apache.catalina.startup.HostConfig.deployDirectory Deploying web application directory [C:\Users\medoa\Desktop\apache-tomcat-9.0.62-windows-x64\apache-tomcat-9.0.62\webapps\ROOT]
17-May-2022 20:24:14.961 INFO [main] org.apache.jasper.servlet.TldScanner.scanJars At least one JAR was scanned for TLDs yet contained no TLDs. Enable debug logging for this logger for a complete list of JARs that were scanned but no TLDs were found in them. Skipping unneeded JARs during scanning can improve startup time and JSP compilation time.
17-May-2022 20:24:14.975 INFO [main] org.apache.catalina.startup.HostConfig.deployDirectory Deployment of web application directory [C:\Users\medoa\Desktop\apache-tomcat-9.0.62-windows-x64\apache-tomcat-9.0.62\webapps\ROOT] has finished in [548] ms
17-May-2022 20:24:14.981 INFO [main] org.apache.coyote.AbstractProtocol.start Starting ProtocolHandler ["http-nio-8080"]
17-May-2022 20:24:15.008 INFO [main] org.apache.catalina.startup.Catalina.start Server startup in [4196] milliseconds
17-May-2022 20:38:41.919 INFO [main] org.apache.catalina.startup.VersionLoggerListener.log Server version name:   Apache Tomcat/9.0.62
17-May-2022 20:38:41.922 INFO [main] org.apache.catalina.startup.VersionLoggerListener.log Server built:          Mar 31 2022 14:34:15 UTC
17-May-2022 20:38:41.923 INFO [main] org.apache.catalina.startup.VersionLoggerListener.log Server version number: 9.0.62.0
17-May-2022 20:38:41.923 INFO [main] org.apache.catalina.startup.VersionLoggerListener.log OS Name:               Windows 10
17-May-2022 20:38:41.923 INFO [main] org.apache.catalina.startup.VersionLoggerListener.log OS Version:            10.0
17-May-2022 20:38:41.923 INFO [main] org.apache.catalina.startup.VersionLoggerListener.log Architecture:          amd64
17-May-2022 20:38:41.923 INFO [main] org.apache.catalina.startup.VersionLoggerListener.log Java Home:             C:\Program Files\Java\jre1.8.0_311
17-May-2022 20:38:41.924 INFO [main] org.apache.catalina.startup.VersionLoggerListener.log JVM Version:           1.8.0_311-b11
17-May-2022 20:38:41.924 INFO [main] org.apache.catalina.startup.VersionLoggerListener.log JVM Vendor:            Oracle Corporation
17-May-2022 20:38:41.924 INFO [main] org.apache.catalina.startup.VersionLoggerListener.log CATALINA_BASE:         C:\Users\medoa\Desktop\apache-tomcat-9.0.62-windows-x64\apache-tomcat-9.0.62
17-May-2022 20:38:41.924 INFO [main] org.apache.catalina.startup.VersionLoggerListener.log CATALINA_HOME:         C:\Users\medoa\Desktop\apache-tomcat-9.0.62-windows-x64\apache-tomcat-9.0.62
17-May-2022 20:38:41.925 INFO [main] org.apache.catalina.startup.VersionLoggerListener.log Command line argument: -Djava.util.logging.config.file=C:\Users\medoa\Desktop\apache-tomcat-9.0.62-windows-x64\apache-tomcat-9.0.62\conf\logging.properties
17-May-2022 20:38:41.925 INFO [main] org.apache.catalina.startup.VersionLoggerListener.log Command line argument: -Djava.util.logging.manager=org.apache.juli.ClassLoaderLogManager
17-May-2022 20:38:41.925 INFO [main] org.apache.catalina.startup.VersionLoggerListener.log Command line argument: -Djdk.tls.ephemeralDHKeySize=2048
17-May-2022 20:38:41.926 INFO [main] org.apache.catalina.startup.VersionLoggerListener.log Command line argument: -Djava.protocol.handler.pkgs=org.apache.catalina.webresources
17-May-2022 20:38:41.926 INFO [main] org.apache.catalina.startup.VersionLoggerListener.log Command line argument: -Dignore.endorsed.dirs=
17-May-2022 20:38:41.926 INFO [main] org.apache.catalina.startup.VersionLoggerListener.log Command line argument: -Dcatalina.base=C:\Users\medoa\Desktop\apache-tomcat-9.0.62-windows-x64\apache-tomcat-9.0.62
17-May-2022 20:38:41.927 INFO [main] org.apache.catalina.startup.VersionLoggerListener.log Command line argument: -Dcatalina.home=C:\Users\medoa\Desktop\apache-tomcat-9.0.62-windows-x64\apache-tomcat-9.0.62
17-May-2022 20:38:41.927 INFO [main] org.apache.catalina.startup.VersionLoggerListener.log Command line argument: -Djava.io.tmpdir=C:\Users\medoa\Desktop\apache-tomcat-9.0.62-windows-x64\apache-tomcat-9.0.62\temp
17-May-2022 20:38:41.931 INFO [main] org.apache.catalina.core.AprLifecycleListener.lifecycleEvent Loaded Apache Tomcat Native library [1.2.32] using APR version [1.7.0].
17-May-2022 20:38:41.931 INFO [main] org.apache.catalina.core.AprLifecycleListener.lifecycleEvent APR capabilities: IPv6 [true], sendfile [true], accept filters [false], random [true], UDS [true].
17-May-2022 20:38:41.932 INFO [main] org.apache.catalina.core.AprLifecycleListener.lifecycleEvent APR/OpenSSL configuration: useAprConnector [false], useOpenSSL [true]
17-May-2022 20:38:41.937 INFO [main] org.apache.catalina.core.AprLifecycleListener.initializeSSL OpenSSL successfully initialized [OpenSSL 1.1.1n  15 Mar 2022]
17-May-2022 20:38:42.384 INFO [main] org.apache.coyote.AbstractProtocol.init Initializing ProtocolHandler ["http-nio-8080"]
17-May-2022 20:38:42.412 INFO [main] org.apache.catalina.startup.Catalina.load Server initialization in [681] milliseconds
17-May-2022 20:38:42.447 INFO [main] org.apache.catalina.core.StandardService.startInternal Starting service [Catalina]
17-May-2022 20:38:42.447 INFO [main] org.apache.catalina.core.StandardEngine.startInternal Starting Servlet engine: [Apache Tomcat/9.0.62]
17-May-2022 20:38:42.469 INFO [main] org.apache.catalina.startup.HostConfig.deployDirectory Deploying web application directory [C:\Users\medoa\Desktop\apache-tomcat-9.0.62-windows-x64\apache-tomcat-9.0.62\webapps\docs]
17-May-2022 20:38:43.416 INFO [main] org.apache.jasper.servlet.TldScanner.scanJars At least one JAR was scanned for TLDs yet contained no TLDs. Enable debug logging for this logger for a complete list of JARs that were scanned but no TLDs were found in them. Skipping unneeded JARs during scanning can improve startup time and JSP compilation time.
17-May-2022 20:38:43.721 WARNING [main] org.apache.catalina.util.SessionIdGeneratorBase.createSecureRandom Creation of SecureRandom instance for session ID generation using [SHA1PRNG] took [263] milliseconds.
17-May-2022 20:38:43.754 INFO [main] org.apache.catalina.startup.HostConfig.deployDirectory Deployment of web application directory [C:\Users\medoa\Desktop\apache-tomcat-9.0.62-windows-x64\apache-tomcat-9.0.62\webapps\docs] has finished in [1,284] ms
17-May-2022 20:38:43.754 INFO [main] org.apache.catalina.startup.HostConfig.deployDirectory Deploying web application directory [C:\Users\medoa\Desktop\apache-tomcat-9.0.62-windows-x64\apache-tomcat-9.0.62\webapps\examples]
17-May-2022 20:38:44.552 INFO [main] org.apache.jasper.servlet.TldScanner.scanJars At least one JAR was scanned for TLDs yet contained no TLDs. Enable debug logging for this logger for a complete list of JARs that were scanned but no TLDs were found in them. Skipping unneeded JARs during scanning can improve startup time and JSP compilation time.
17-May-2022 20:38:44.624 INFO [main] org.apache.catalina.startup.HostConfig.deployDirectory Deployment of web application directory [C:\Users\medoa\Desktop\apache-tomcat-9.0.62-windows-x64\apache-tomcat-9.0.62\webapps\examples] has finished in [870] ms
17-May-2022 20:38:44.624 INFO [main] org.apache.catalina.startup.HostConfig.deployDirectory Deploying web application directory [C:\Users\medoa\Desktop\apache-tomcat-9.0.62-windows-x64\apache-tomcat-9.0.62\webapps\host-manager]
17-May-2022 20:38:45.123 INFO [main] org.apache.jasper.servlet.TldScanner.scanJars At least one JAR was scanned for TLDs yet contained no TLDs. Enable debug logging for this logger for a complete list of JARs that were scanned but no TLDs were found in them. Skipping unneeded JARs during scanning can improve startup time and JSP compilation time.
17-May-2022 20:38:45.144 INFO [main] org.apache.catalina.startup.HostConfig.deployDirectory Deployment of web application directory [C:\Users\medoa\Desktop\apache-tomcat-9.0.62-windows-x64\apache-tomcat-9.0.62\webapps\host-manager] has finished in [520] ms
17-May-2022 20:38:45.145 INFO [main] org.apache.catalina.startup.HostConfig.deployDirectory Deploying web application directory [C:\Users\medoa\Desktop\apache-tomcat-9.0.62-windows-x64\apache-tomcat-9.0.62\webapps\manager]
17-May-2022 20:38:45.730 INFO [main] org.apache.jasper.servlet.TldScanner.scanJars At least one JAR was scanned for TLDs yet contained no TLDs. Enable debug logging for this logger for a complete list of JARs that were scanned but no TLDs were found in them. Skipping unneeded JARs during scanning can improve startup time and JSP compilation time.
17-May-2022 20:38:45.739 INFO [main] org.apache.catalina.startup.HostConfig.deployDirectory Deployment of web application directory [C:\Users\medoa\Desktop\apache-tomcat-9.0.62-windows-x64\apache-tomcat-9.0.62\webapps\manager] has finished in [594] ms
17-May-2022 20:38:45.740 INFO [main] org.apache.catalina.startup.HostConfig.deployDirectory Deploying web application directory [C:\Users\medoa\Desktop\apache-tomcat-9.0.62-windows-x64\apache-tomcat-9.0.62\webapps\ROOT]
17-May-2022 20:38:46.226 INFO [main] org.apache.jasper.servlet.TldScanner.scanJars At least one JAR was scanned for TLDs yet contained no TLDs. Enable debug logging for this logger for a complete list of JARs that were scanned but no TLDs were found in them. Skipping unneeded JARs during scanning can improve startup time and JSP compilation time.
17-May-2022 20:38:46.238 INFO [main] org.apache.catalina.startup.HostConfig.deployDirectory Deployment of web application directory [C:\Users\medoa\Desktop\apache-tomcat-9.0.62-windows-x64\apache-tomcat-9.0.62\webapps\ROOT] has finished in [498] ms
17-May-2022 20:38:46.243 INFO [main] org.apache.coyote.AbstractProtocol.start Starting ProtocolHandler ["http-nio-8080"]
17-May-2022 20:38:46.270 INFO [main] org.apache.catalina.startup.Catalina.start Server startup in [3857] milliseconds
