24-May-2022 18:52:02.040 INFO [main] org.apache.catalina.startup.VersionLoggerListener.log Server version name:   Apache Tomcat/9.0.62
24-May-2022 18:52:02.040 INFO [main] org.apache.catalina.startup.VersionLoggerListener.log Server built:          Mar 31 2022 14:34:15 UTC
24-May-2022 18:52:02.045 INFO [main] org.apache.catalina.startup.VersionLoggerListener.log Server version number: 9.0.62.0
24-May-2022 18:52:02.045 INFO [main] org.apache.catalina.startup.VersionLoggerListener.log OS Name:               Windows 10
24-May-2022 18:52:02.045 INFO [main] org.apache.catalina.startup.VersionLoggerListener.log OS Version:            10.0
24-May-2022 18:52:02.045 INFO [main] org.apache.catalina.startup.VersionLoggerListener.log Architecture:          amd64
24-May-2022 18:52:02.045 INFO [main] org.apache.catalina.startup.VersionLoggerListener.log Java Home:             C:\Program Files\Java\jre1.8.0_311
24-May-2022 18:52:02.045 INFO [main] org.apache.catalina.startup.VersionLoggerListener.log JVM Version:           1.8.0_311-b11
24-May-2022 18:52:02.045 INFO [main] org.apache.catalina.startup.VersionLoggerListener.log JVM Vendor:            Oracle Corporation
24-May-2022 18:52:02.045 INFO [main] org.apache.catalina.startup.VersionLoggerListener.log CATALINA_BASE:         C:\Users\medoa\Desktop\apache-tomcat-9.0.62-windows-x64\apache-tomcat-9.0.62
24-May-2022 18:52:02.045 INFO [main] org.apache.catalina.startup.VersionLoggerListener.log CATALINA_HOME:         C:\Users\medoa\Desktop\apache-tomcat-9.0.62-windows-x64\apache-tomcat-9.0.62
24-May-2022 18:52:02.045 INFO [main] org.apache.catalina.startup.VersionLoggerListener.log Command line argument: -Djava.util.logging.config.file=C:\Users\medoa\Desktop\apache-tomcat-9.0.62-windows-x64\apache-tomcat-9.0.62\conf\logging.properties
24-May-2022 18:52:02.045 INFO [main] org.apache.catalina.startup.VersionLoggerListener.log Command line argument: -Djava.util.logging.manager=org.apache.juli.ClassLoaderLogManager
24-May-2022 18:52:02.045 INFO [main] org.apache.catalina.startup.VersionLoggerListener.log Command line argument: -Djdk.tls.ephemeralDHKeySize=2048
24-May-2022 18:52:02.045 INFO [main] org.apache.catalina.startup.VersionLoggerListener.log Command line argument: -Djava.protocol.handler.pkgs=org.apache.catalina.webresources
24-May-2022 18:52:02.045 INFO [main] org.apache.catalina.startup.VersionLoggerListener.log Command line argument: -Dignore.endorsed.dirs=
24-May-2022 18:52:02.045 INFO [main] org.apache.catalina.startup.VersionLoggerListener.log Command line argument: -Dcatalina.base=C:\Users\medoa\Desktop\apache-tomcat-9.0.62-windows-x64\apache-tomcat-9.0.62
24-May-2022 18:52:02.048 INFO [main] org.apache.catalina.startup.VersionLoggerListener.log Command line argument: -Dcatalina.home=C:\Users\medoa\Desktop\apache-tomcat-9.0.62-windows-x64\apache-tomcat-9.0.62
24-May-2022 18:52:02.048 INFO [main] org.apache.catalina.startup.VersionLoggerListener.log Command line argument: -Djava.io.tmpdir=C:\Users\medoa\Desktop\apache-tomcat-9.0.62-windows-x64\apache-tomcat-9.0.62\temp
24-May-2022 18:52:02.048 INFO [main] org.apache.catalina.core.AprLifecycleListener.lifecycleEvent Loaded Apache Tomcat Native library [1.2.32] using APR version [1.7.0].
24-May-2022 18:52:02.048 INFO [main] org.apache.catalina.core.AprLifecycleListener.lifecycleEvent APR capabilities: IPv6 [true], sendfile [true], accept filters [false], random [true], UDS [true].
24-May-2022 18:52:02.048 INFO [main] org.apache.catalina.core.AprLifecycleListener.lifecycleEvent APR/OpenSSL configuration: useAprConnector [false], useOpenSSL [true]
24-May-2022 18:52:02.055 INFO [main] org.apache.catalina.core.AprLifecycleListener.initializeSSL OpenSSL successfully initialized [OpenSSL 1.1.1n  15 Mar 2022]
24-May-2022 18:52:02.476 INFO [main] org.apache.coyote.AbstractProtocol.init Initializing ProtocolHandler ["http-nio-8080"]
24-May-2022 18:52:02.500 INFO [main] org.apache.catalina.startup.Catalina.load Server initialization in [591] milliseconds
24-May-2022 18:52:02.525 INFO [main] org.apache.catalina.core.StandardService.startInternal Starting service [Catalina]
24-May-2022 18:52:02.525 INFO [main] org.apache.catalina.core.StandardEngine.startInternal Starting Servlet engine: [Apache Tomcat/9.0.62]
24-May-2022 18:52:02.548 INFO [main] org.apache.catalina.startup.HostConfig.deployDirectory Deploying web application directory [C:\Users\medoa\Desktop\apache-tomcat-9.0.62-windows-x64\apache-tomcat-9.0.62\webapps\docs]
24-May-2022 18:52:03.265 INFO [main] org.apache.jasper.servlet.TldScanner.scanJars At least one JAR was scanned for TLDs yet contained no TLDs. Enable debug logging for this logger for a complete list of JARs that were scanned but no TLDs were found in them. Skipping unneeded JARs during scanning can improve startup time and JSP compilation time.
24-May-2022 18:52:03.495 WARNING [main] org.apache.catalina.util.SessionIdGeneratorBase.createSecureRandom Creation of SecureRandom instance for session ID generation using [SHA1PRNG] took [200] milliseconds.
24-May-2022 18:52:03.515 INFO [main] org.apache.catalina.startup.HostConfig.deployDirectory Deployment of web application directory [C:\Users\medoa\Desktop\apache-tomcat-9.0.62-windows-x64\apache-tomcat-9.0.62\webapps\docs] has finished in [967] ms
24-May-2022 18:52:03.515 INFO [main] org.apache.catalina.startup.HostConfig.deployDirectory Deploying web application directory [C:\Users\medoa\Desktop\apache-tomcat-9.0.62-windows-x64\apache-tomcat-9.0.62\webapps\examples]
24-May-2022 18:52:04.205 INFO [main] org.apache.jasper.servlet.TldScanner.scanJars At least one JAR was scanned for TLDs yet contained no TLDs. Enable debug logging for this logger for a complete list of JARs that were scanned but no TLDs were found in them. Skipping unneeded JARs during scanning can improve startup time and JSP compilation time.
24-May-2022 18:52:04.256 INFO [main] org.apache.catalina.startup.HostConfig.deployDirectory Deployment of web application directory [C:\Users\medoa\Desktop\apache-tomcat-9.0.62-windows-x64\apache-tomcat-9.0.62\webapps\examples] has finished in [741] ms
24-May-2022 18:52:04.256 INFO [main] org.apache.catalina.startup.HostConfig.deployDirectory Deploying web application directory [C:\Users\medoa\Desktop\apache-tomcat-9.0.62-windows-x64\apache-tomcat-9.0.62\webapps\host-manager]
24-May-2022 18:52:04.675 INFO [main] org.apache.jasper.servlet.TldScanner.scanJars At least one JAR was scanned for TLDs yet contained no TLDs. Enable debug logging for this logger for a complete list of JARs that were scanned but no TLDs were found in them. Skipping unneeded JARs during scanning can improve startup time and JSP compilation time.
24-May-2022 18:52:04.695 INFO [main] org.apache.catalina.startup.HostConfig.deployDirectory Deployment of web application directory [C:\Users\medoa\Desktop\apache-tomcat-9.0.62-windows-x64\apache-tomcat-9.0.62\webapps\host-manager] has finished in [438] ms
24-May-2022 18:52:04.695 INFO [main] org.apache.catalina.startup.HostConfig.deployDirectory Deploying web application directory [C:\Users\medoa\Desktop\apache-tomcat-9.0.62-windows-x64\apache-tomcat-9.0.62\webapps\manager]
24-May-2022 18:52:05.155 INFO [main] org.apache.jasper.servlet.TldScanner.scanJars At least one JAR was scanned for TLDs yet contained no TLDs. Enable debug logging for this logger for a complete list of JARs that were scanned but no TLDs were found in them. Skipping unneeded JARs during scanning can improve startup time and JSP compilation time.
24-May-2022 18:52:05.159 INFO [main] org.apache.catalina.startup.HostConfig.deployDirectory Deployment of web application directory [C:\Users\medoa\Desktop\apache-tomcat-9.0.62-windows-x64\apache-tomcat-9.0.62\webapps\manager] has finished in [464] ms
24-May-2022 18:52:05.159 INFO [main] org.apache.catalina.startup.HostConfig.deployDirectory Deploying web application directory [C:\Users\medoa\Desktop\apache-tomcat-9.0.62-windows-x64\apache-tomcat-9.0.62\webapps\ROOT]
24-May-2022 18:52:05.604 INFO [main] org.apache.jasper.servlet.TldScanner.scanJars At least one JAR was scanned for TLDs yet contained no TLDs. Enable debug logging for this logger for a complete list of JARs that were scanned but no TLDs were found in them. Skipping unneeded JARs during scanning can improve startup time and JSP compilation time.
24-May-2022 18:52:05.615 INFO [main] org.apache.catalina.startup.HostConfig.deployDirectory Deployment of web application directory [C:\Users\medoa\Desktop\apache-tomcat-9.0.62-windows-x64\apache-tomcat-9.0.62\webapps\ROOT] has finished in [456] ms
24-May-2022 18:52:05.615 INFO [main] org.apache.coyote.AbstractProtocol.start Starting ProtocolHandler ["http-nio-8080"]
24-May-2022 18:52:05.645 INFO [main] org.apache.catalina.startup.Catalina.start Server startup in [3143] milliseconds
