20-May-2022 19:13:05.752 INFO [main] org.apache.catalina.startup.VersionLoggerListener.log Server version name:   Apache Tomcat/9.0.62
20-May-2022 19:13:05.755 INFO [main] org.apache.catalina.startup.VersionLoggerListener.log Server built:          Mar 31 2022 14:34:15 UTC
20-May-2022 19:13:05.756 INFO [main] org.apache.catalina.startup.VersionLoggerListener.log Server version number: 9.0.62.0
20-May-2022 19:13:05.756 INFO [main] org.apache.catalina.startup.VersionLoggerListener.log OS Name:               Windows 10
20-May-2022 19:13:05.756 INFO [main] org.apache.catalina.startup.VersionLoggerListener.log OS Version:            10.0
20-May-2022 19:13:05.756 INFO [main] org.apache.catalina.startup.VersionLoggerListener.log Architecture:          amd64
20-May-2022 19:13:05.756 INFO [main] org.apache.catalina.startup.VersionLoggerListener.log Java Home:             C:\Program Files\Java\jre1.8.0_311
20-May-2022 19:13:05.757 INFO [main] org.apache.catalina.startup.VersionLoggerListener.log JVM Version:           1.8.0_311-b11
20-May-2022 19:13:05.757 INFO [main] org.apache.catalina.startup.VersionLoggerListener.log JVM Vendor:            Oracle Corporation
20-May-2022 19:13:05.757 INFO [main] org.apache.catalina.startup.VersionLoggerListener.log CATALINA_BASE:         C:\Users\medoa\Desktop\apache-tomcat-9.0.62-windows-x64\apache-tomcat-9.0.62
20-May-2022 19:13:05.757 INFO [main] org.apache.catalina.startup.VersionLoggerListener.log CATALINA_HOME:         C:\Users\medoa\Desktop\apache-tomcat-9.0.62-windows-x64\apache-tomcat-9.0.62
20-May-2022 19:13:05.758 INFO [main] org.apache.catalina.startup.VersionLoggerListener.log Command line argument: -Djava.util.logging.config.file=C:\Users\medoa\Desktop\apache-tomcat-9.0.62-windows-x64\apache-tomcat-9.0.62\conf\logging.properties
20-May-2022 19:13:05.758 INFO [main] org.apache.catalina.startup.VersionLoggerListener.log Command line argument: -Djava.util.logging.manager=org.apache.juli.ClassLoaderLogManager
20-May-2022 19:13:05.758 INFO [main] org.apache.catalina.startup.VersionLoggerListener.log Command line argument: -Djdk.tls.ephemeralDHKeySize=2048
20-May-2022 19:13:05.758 INFO [main] org.apache.catalina.startup.VersionLoggerListener.log Command line argument: -Djava.protocol.handler.pkgs=org.apache.catalina.webresources
20-May-2022 19:13:05.759 INFO [main] org.apache.catalina.startup.VersionLoggerListener.log Command line argument: -Dignore.endorsed.dirs=
20-May-2022 19:13:05.759 INFO [main] org.apache.catalina.startup.VersionLoggerListener.log Command line argument: -Dcatalina.base=C:\Users\medoa\Desktop\apache-tomcat-9.0.62-windows-x64\apache-tomcat-9.0.62
20-May-2022 19:13:05.759 INFO [main] org.apache.catalina.startup.VersionLoggerListener.log Command line argument: -Dcatalina.home=C:\Users\medoa\Desktop\apache-tomcat-9.0.62-windows-x64\apache-tomcat-9.0.62
20-May-2022 19:13:05.760 INFO [main] org.apache.catalina.startup.VersionLoggerListener.log Command line argument: -Djava.io.tmpdir=C:\Users\medoa\Desktop\apache-tomcat-9.0.62-windows-x64\apache-tomcat-9.0.62\temp
20-May-2022 19:13:05.767 INFO [main] org.apache.catalina.core.AprLifecycleListener.lifecycleEvent Loaded Apache Tomcat Native library [1.2.32] using APR version [1.7.0].
20-May-2022 19:13:05.767 INFO [main] org.apache.catalina.core.AprLifecycleListener.lifecycleEvent APR capabilities: IPv6 [true], sendfile [true], accept filters [false], random [true], UDS [true].
20-May-2022 19:13:05.768 INFO [main] org.apache.catalina.core.AprLifecycleListener.lifecycleEvent APR/OpenSSL configuration: useAprConnector [false], useOpenSSL [true]
20-May-2022 19:13:05.773 INFO [main] org.apache.catalina.core.AprLifecycleListener.initializeSSL OpenSSL successfully initialized [OpenSSL 1.1.1n  15 Mar 2022]
20-May-2022 19:13:06.150 INFO [main] org.apache.coyote.AbstractProtocol.init Initializing ProtocolHandler ["http-nio-8080"]
20-May-2022 19:13:06.175 INFO [main] org.apache.catalina.startup.Catalina.load Server initialization in [590] milliseconds
20-May-2022 19:13:06.208 INFO [main] org.apache.catalina.core.StandardService.startInternal Starting service [Catalina]
20-May-2022 19:13:06.208 INFO [main] org.apache.catalina.core.StandardEngine.startInternal Starting Servlet engine: [Apache Tomcat/9.0.62]
20-May-2022 19:13:06.219 INFO [main] org.apache.catalina.startup.HostConfig.deployDirectory Deploying web application directory [C:\Users\medoa\Desktop\apache-tomcat-9.0.62-windows-x64\apache-tomcat-9.0.62\webapps\docs]
20-May-2022 19:13:07.081 INFO [main] org.apache.jasper.servlet.TldScanner.scanJars At least one JAR was scanned for TLDs yet contained no TLDs. Enable debug logging for this logger for a complete list of JARs that were scanned but no TLDs were found in them. Skipping unneeded JARs during scanning can improve startup time and JSP compilation time.
20-May-2022 19:13:07.351 WARNING [main] org.apache.catalina.util.SessionIdGeneratorBase.createSecureRandom Creation of SecureRandom instance for session ID generation using [SHA1PRNG] took [226] milliseconds.
20-May-2022 19:13:07.387 INFO [main] org.apache.catalina.startup.HostConfig.deployDirectory Deployment of web application directory [C:\Users\medoa\Desktop\apache-tomcat-9.0.62-windows-x64\apache-tomcat-9.0.62\webapps\docs] has finished in [1,168] ms
20-May-2022 19:13:07.388 INFO [main] org.apache.catalina.startup.HostConfig.deployDirectory Deploying web application directory [C:\Users\medoa\Desktop\apache-tomcat-9.0.62-windows-x64\apache-tomcat-9.0.62\webapps\examples]
20-May-2022 19:13:08.135 INFO [main] org.apache.jasper.servlet.TldScanner.scanJars At least one JAR was scanned for TLDs yet contained no TLDs. Enable debug logging for this logger for a complete list of JARs that were scanned but no TLDs were found in them. Skipping unneeded JARs during scanning can improve startup time and JSP compilation time.
20-May-2022 19:13:08.197 INFO [main] org.apache.catalina.startup.HostConfig.deployDirectory Deployment of web application directory [C:\Users\medoa\Desktop\apache-tomcat-9.0.62-windows-x64\apache-tomcat-9.0.62\webapps\examples] has finished in [809] ms
20-May-2022 19:13:08.198 INFO [main] org.apache.catalina.startup.HostConfig.deployDirectory Deploying web application directory [C:\Users\medoa\Desktop\apache-tomcat-9.0.62-windows-x64\apache-tomcat-9.0.62\webapps\host-manager]
20-May-2022 19:13:08.732 INFO [main] org.apache.jasper.servlet.TldScanner.scanJars At least one JAR was scanned for TLDs yet contained no TLDs. Enable debug logging for this logger for a complete list of JARs that were scanned but no TLDs were found in them. Skipping unneeded JARs during scanning can improve startup time and JSP compilation time.
20-May-2022 19:13:08.752 INFO [main] org.apache.catalina.startup.HostConfig.deployDirectory Deployment of web application directory [C:\Users\medoa\Desktop\apache-tomcat-9.0.62-windows-x64\apache-tomcat-9.0.62\webapps\host-manager] has finished in [554] ms
20-May-2022 19:13:08.752 INFO [main] org.apache.catalina.startup.HostConfig.deployDirectory Deploying web application directory [C:\Users\medoa\Desktop\apache-tomcat-9.0.62-windows-x64\apache-tomcat-9.0.62\webapps\manager]
20-May-2022 19:13:09.316 INFO [main] org.apache.jasper.servlet.TldScanner.scanJars At least one JAR was scanned for TLDs yet contained no TLDs. Enable debug logging for this logger for a complete list of JARs that were scanned but no TLDs were found in them. Skipping unneeded JARs during scanning can improve startup time and JSP compilation time.
20-May-2022 19:13:09.323 INFO [main] org.apache.catalina.startup.HostConfig.deployDirectory Deployment of web application directory [C:\Users\medoa\Desktop\apache-tomcat-9.0.62-windows-x64\apache-tomcat-9.0.62\webapps\manager] has finished in [571] ms
20-May-2022 19:13:09.324 INFO [main] org.apache.catalina.startup.HostConfig.deployDirectory Deploying web application directory [C:\Users\medoa\Desktop\apache-tomcat-9.0.62-windows-x64\apache-tomcat-9.0.62\webapps\ROOT]
20-May-2022 19:13:09.840 INFO [main] org.apache.jasper.servlet.TldScanner.scanJars At least one JAR was scanned for TLDs yet contained no TLDs. Enable debug logging for this logger for a complete list of JARs that were scanned but no TLDs were found in them. Skipping unneeded JARs during scanning can improve startup time and JSP compilation time.
20-May-2022 19:13:09.866 INFO [main] org.apache.catalina.startup.HostConfig.deployDirectory Deployment of web application directory [C:\Users\medoa\Desktop\apache-tomcat-9.0.62-windows-x64\apache-tomcat-9.0.62\webapps\ROOT] has finished in [542] ms
20-May-2022 19:13:09.876 INFO [main] org.apache.coyote.AbstractProtocol.start Starting ProtocolHandler ["http-nio-8080"]
20-May-2022 19:13:09.909 INFO [main] org.apache.catalina.startup.Catalina.start Server startup in [3733] milliseconds
20-May-2022 19:15:22.174 INFO [main] org.apache.catalina.startup.VersionLoggerListener.log Server version name:   Apache Tomcat/9.0.62
20-May-2022 19:15:22.177 INFO [main] org.apache.catalina.startup.VersionLoggerListener.log Server built:          Mar 31 2022 14:34:15 UTC
20-May-2022 19:15:22.177 INFO [main] org.apache.catalina.startup.VersionLoggerListener.log Server version number: 9.0.62.0
20-May-2022 19:15:22.178 INFO [main] org.apache.catalina.startup.VersionLoggerListener.log OS Name:               Windows 10
20-May-2022 19:15:22.178 INFO [main] org.apache.catalina.startup.VersionLoggerListener.log OS Version:            10.0
20-May-2022 19:15:22.178 INFO [main] org.apache.catalina.startup.VersionLoggerListener.log Architecture:          amd64
20-May-2022 19:15:22.178 INFO [main] org.apache.catalina.startup.VersionLoggerListener.log Java Home:             C:\Program Files\Java\jre1.8.0_311
20-May-2022 19:15:22.178 INFO [main] org.apache.catalina.startup.VersionLoggerListener.log JVM Version:           1.8.0_311-b11
20-May-2022 19:15:22.178 INFO [main] org.apache.catalina.startup.VersionLoggerListener.log JVM Vendor:            Oracle Corporation
20-May-2022 19:15:22.179 INFO [main] org.apache.catalina.startup.VersionLoggerListener.log CATALINA_BASE:         C:\Users\medoa\Desktop\apache-tomcat-9.0.62-windows-x64\apache-tomcat-9.0.62
20-May-2022 19:15:22.179 INFO [main] org.apache.catalina.startup.VersionLoggerListener.log CATALINA_HOME:         C:\Users\medoa\Desktop\apache-tomcat-9.0.62-windows-x64\apache-tomcat-9.0.62
20-May-2022 19:15:22.179 INFO [main] org.apache.catalina.startup.VersionLoggerListener.log Command line argument: -Djava.util.logging.config.file=C:\Users\medoa\Desktop\apache-tomcat-9.0.62-windows-x64\apache-tomcat-9.0.62\conf\logging.properties
20-May-2022 19:15:22.180 INFO [main] org.apache.catalina.startup.VersionLoggerListener.log Command line argument: -Djava.util.logging.manager=org.apache.juli.ClassLoaderLogManager
20-May-2022 19:15:22.180 INFO [main] org.apache.catalina.startup.VersionLoggerListener.log Command line argument: -Djdk.tls.ephemeralDHKeySize=2048
20-May-2022 19:15:22.180 INFO [main] org.apache.catalina.startup.VersionLoggerListener.log Command line argument: -Djava.protocol.handler.pkgs=org.apache.catalina.webresources
20-May-2022 19:15:22.180 INFO [main] org.apache.catalina.startup.VersionLoggerListener.log Command line argument: -Dignore.endorsed.dirs=
20-May-2022 19:15:22.180 INFO [main] org.apache.catalina.startup.VersionLoggerListener.log Command line argument: -Dcatalina.base=C:\Users\medoa\Desktop\apache-tomcat-9.0.62-windows-x64\apache-tomcat-9.0.62
20-May-2022 19:15:22.181 INFO [main] org.apache.catalina.startup.VersionLoggerListener.log Command line argument: -Dcatalina.home=C:\Users\medoa\Desktop\apache-tomcat-9.0.62-windows-x64\apache-tomcat-9.0.62
20-May-2022 19:15:22.182 INFO [main] org.apache.catalina.startup.VersionLoggerListener.log Command line argument: -Djava.io.tmpdir=C:\Users\medoa\Desktop\apache-tomcat-9.0.62-windows-x64\apache-tomcat-9.0.62\temp
20-May-2022 19:15:22.188 INFO [main] org.apache.catalina.core.AprLifecycleListener.lifecycleEvent Loaded Apache Tomcat Native library [1.2.32] using APR version [1.7.0].
20-May-2022 19:15:22.192 INFO [main] org.apache.catalina.core.AprLifecycleListener.lifecycleEvent APR capabilities: IPv6 [true], sendfile [true], accept filters [false], random [true], UDS [true].
20-May-2022 19:15:22.195 INFO [main] org.apache.catalina.core.AprLifecycleListener.lifecycleEvent APR/OpenSSL configuration: useAprConnector [false], useOpenSSL [true]
20-May-2022 19:15:22.200 INFO [main] org.apache.catalina.core.AprLifecycleListener.initializeSSL OpenSSL successfully initialized [OpenSSL 1.1.1n  15 Mar 2022]
20-May-2022 19:15:22.681 INFO [main] org.apache.coyote.AbstractProtocol.init Initializing ProtocolHandler ["http-nio-8080"]
20-May-2022 19:15:22.712 INFO [main] org.apache.catalina.startup.Catalina.load Server initialization in [763] milliseconds
20-May-2022 19:15:22.764 INFO [main] org.apache.catalina.core.StandardService.startInternal Starting service [Catalina]
20-May-2022 19:15:22.765 INFO [main] org.apache.catalina.core.StandardEngine.startInternal Starting Servlet engine: [Apache Tomcat/9.0.62]
20-May-2022 19:15:22.779 INFO [main] org.apache.catalina.startup.HostConfig.deployDirectory Deploying web application directory [C:\Users\medoa\Desktop\apache-tomcat-9.0.62-windows-x64\apache-tomcat-9.0.62\webapps\docs]
20-May-2022 19:15:23.784 INFO [main] org.apache.jasper.servlet.TldScanner.scanJars At least one JAR was scanned for TLDs yet contained no TLDs. Enable debug logging for this logger for a complete list of JARs that were scanned but no TLDs were found in them. Skipping unneeded JARs during scanning can improve startup time and JSP compilation time.
20-May-2022 19:15:24.133 WARNING [main] org.apache.catalina.util.SessionIdGeneratorBase.createSecureRandom Creation of SecureRandom instance for session ID generation using [SHA1PRNG] took [252] milliseconds.
20-May-2022 19:15:24.155 INFO [main] org.apache.catalina.startup.HostConfig.deployDirectory Deployment of web application directory [C:\Users\medoa\Desktop\apache-tomcat-9.0.62-windows-x64\apache-tomcat-9.0.62\webapps\docs] has finished in [1,377] ms
20-May-2022 19:15:24.156 INFO [main] org.apache.catalina.startup.HostConfig.deployDirectory Deploying web application directory [C:\Users\medoa\Desktop\apache-tomcat-9.0.62-windows-x64\apache-tomcat-9.0.62\webapps\examples]
20-May-2022 19:15:24.994 INFO [main] org.apache.jasper.servlet.TldScanner.scanJars At least one JAR was scanned for TLDs yet contained no TLDs. Enable debug logging for this logger for a complete list of JARs that were scanned but no TLDs were found in them. Skipping unneeded JARs during scanning can improve startup time and JSP compilation time.
20-May-2022 19:15:25.077 INFO [main] org.apache.catalina.startup.HostConfig.deployDirectory Deployment of web application directory [C:\Users\medoa\Desktop\apache-tomcat-9.0.62-windows-x64\apache-tomcat-9.0.62\webapps\examples] has finished in [922] ms
20-May-2022 19:15:25.078 INFO [main] org.apache.catalina.startup.HostConfig.deployDirectory Deploying web application directory [C:\Users\medoa\Desktop\apache-tomcat-9.0.62-windows-x64\apache-tomcat-9.0.62\webapps\host-manager]
20-May-2022 19:15:25.717 INFO [main] org.apache.jasper.servlet.TldScanner.scanJars At least one JAR was scanned for TLDs yet contained no TLDs. Enable debug logging for this logger for a complete list of JARs that were scanned but no TLDs were found in them. Skipping unneeded JARs during scanning can improve startup time and JSP compilation time.
20-May-2022 19:15:25.731 INFO [main] org.apache.catalina.startup.HostConfig.deployDirectory Deployment of web application directory [C:\Users\medoa\Desktop\apache-tomcat-9.0.62-windows-x64\apache-tomcat-9.0.62\webapps\host-manager] has finished in [654] ms
20-May-2022 19:15:25.732 INFO [main] org.apache.catalina.startup.HostConfig.deployDirectory Deploying web application directory [C:\Users\medoa\Desktop\apache-tomcat-9.0.62-windows-x64\apache-tomcat-9.0.62\webapps\manager]
20-May-2022 19:15:26.288 INFO [main] org.apache.jasper.servlet.TldScanner.scanJars At least one JAR was scanned for TLDs yet contained no TLDs. Enable debug logging for this logger for a complete list of JARs that were scanned but no TLDs were found in them. Skipping unneeded JARs during scanning can improve startup time and JSP compilation time.
20-May-2022 19:15:26.295 INFO [main] org.apache.catalina.startup.HostConfig.deployDirectory Deployment of web application directory [C:\Users\medoa\Desktop\apache-tomcat-9.0.62-windows-x64\apache-tomcat-9.0.62\webapps\manager] has finished in [563] ms
20-May-2022 19:15:26.296 INFO [main] org.apache.catalina.startup.HostConfig.deployDirectory Deploying web application directory [C:\Users\medoa\Desktop\apache-tomcat-9.0.62-windows-x64\apache-tomcat-9.0.62\webapps\ROOT]
20-May-2022 19:15:26.867 INFO [main] org.apache.jasper.servlet.TldScanner.scanJars At least one JAR was scanned for TLDs yet contained no TLDs. Enable debug logging for this logger for a complete list of JARs that were scanned but no TLDs were found in them. Skipping unneeded JARs during scanning can improve startup time and JSP compilation time.
20-May-2022 19:15:26.909 INFO [main] org.apache.catalina.startup.HostConfig.deployDirectory Deployment of web application directory [C:\Users\medoa\Desktop\apache-tomcat-9.0.62-windows-x64\apache-tomcat-9.0.62\webapps\ROOT] has finished in [612] ms
20-May-2022 19:15:26.915 INFO [main] org.apache.coyote.AbstractProtocol.start Starting ProtocolHandler ["http-nio-8080"]
20-May-2022 19:15:26.934 INFO [main] org.apache.catalina.startup.Catalina.start Server startup in [4220] milliseconds
20-May-2022 19:35:49.450 INFO [main] org.apache.catalina.startup.VersionLoggerListener.log Server version name:   Apache Tomcat/9.0.62
20-May-2022 19:35:49.453 INFO [main] org.apache.catalina.startup.VersionLoggerListener.log Server built:          Mar 31 2022 14:34:15 UTC
20-May-2022 19:35:49.453 INFO [main] org.apache.catalina.startup.VersionLoggerListener.log Server version number: 9.0.62.0
20-May-2022 19:35:49.453 INFO [main] org.apache.catalina.startup.VersionLoggerListener.log OS Name:               Windows 10
20-May-2022 19:35:49.453 INFO [main] org.apache.catalina.startup.VersionLoggerListener.log OS Version:            10.0
20-May-2022 19:35:49.453 INFO [main] org.apache.catalina.startup.VersionLoggerListener.log Architecture:          amd64
20-May-2022 19:35:49.454 INFO [main] org.apache.catalina.startup.VersionLoggerListener.log Java Home:             C:\Program Files\Java\jre1.8.0_311
20-May-2022 19:35:49.454 INFO [main] org.apache.catalina.startup.VersionLoggerListener.log JVM Version:           1.8.0_311-b11
20-May-2022 19:35:49.454 INFO [main] org.apache.catalina.startup.VersionLoggerListener.log JVM Vendor:            Oracle Corporation
20-May-2022 19:35:49.454 INFO [main] org.apache.catalina.startup.VersionLoggerListener.log CATALINA_BASE:         C:\Users\medoa\Desktop\apache-tomcat-9.0.62-windows-x64\apache-tomcat-9.0.62
20-May-2022 19:35:49.454 INFO [main] org.apache.catalina.startup.VersionLoggerListener.log CATALINA_HOME:         C:\Users\medoa\Desktop\apache-tomcat-9.0.62-windows-x64\apache-tomcat-9.0.62
20-May-2022 19:35:49.455 INFO [main] org.apache.catalina.startup.VersionLoggerListener.log Command line argument: -Djava.util.logging.config.file=C:\Users\medoa\Desktop\apache-tomcat-9.0.62-windows-x64\apache-tomcat-9.0.62\conf\logging.properties
20-May-2022 19:35:49.455 INFO [main] org.apache.catalina.startup.VersionLoggerListener.log Command line argument: -Djava.util.logging.manager=org.apache.juli.ClassLoaderLogManager
20-May-2022 19:35:49.455 INFO [main] org.apache.catalina.startup.VersionLoggerListener.log Command line argument: -Djdk.tls.ephemeralDHKeySize=2048
20-May-2022 19:35:49.455 INFO [main] org.apache.catalina.startup.VersionLoggerListener.log Command line argument: -Djava.protocol.handler.pkgs=org.apache.catalina.webresources
20-May-2022 19:35:49.456 INFO [main] org.apache.catalina.startup.VersionLoggerListener.log Command line argument: -Dignore.endorsed.dirs=
20-May-2022 19:35:49.456 INFO [main] org.apache.catalina.startup.VersionLoggerListener.log Command line argument: -Dcatalina.base=C:\Users\medoa\Desktop\apache-tomcat-9.0.62-windows-x64\apache-tomcat-9.0.62
20-May-2022 19:35:49.457 INFO [main] org.apache.catalina.startup.VersionLoggerListener.log Command line argument: -Dcatalina.home=C:\Users\medoa\Desktop\apache-tomcat-9.0.62-windows-x64\apache-tomcat-9.0.62
20-May-2022 19:35:49.457 INFO [main] org.apache.catalina.startup.VersionLoggerListener.log Command line argument: -Djava.io.tmpdir=C:\Users\medoa\Desktop\apache-tomcat-9.0.62-windows-x64\apache-tomcat-9.0.62\temp
20-May-2022 19:35:49.459 INFO [main] org.apache.catalina.core.AprLifecycleListener.lifecycleEvent Loaded Apache Tomcat Native library [1.2.32] using APR version [1.7.0].
20-May-2022 19:35:49.460 INFO [main] org.apache.catalina.core.AprLifecycleListener.lifecycleEvent APR capabilities: IPv6 [true], sendfile [true], accept filters [false], random [true], UDS [true].
20-May-2022 19:35:49.460 INFO [main] org.apache.catalina.core.AprLifecycleListener.lifecycleEvent APR/OpenSSL configuration: useAprConnector [false], useOpenSSL [true]
20-May-2022 19:35:49.466 INFO [main] org.apache.catalina.core.AprLifecycleListener.initializeSSL OpenSSL successfully initialized [OpenSSL 1.1.1n  15 Mar 2022]
20-May-2022 19:35:49.827 INFO [main] org.apache.coyote.AbstractProtocol.init Initializing ProtocolHandler ["http-nio-8080"]
20-May-2022 19:35:49.850 INFO [main] org.apache.catalina.startup.Catalina.load Server initialization in [566] milliseconds
20-May-2022 19:35:49.887 INFO [main] org.apache.catalina.core.StandardService.startInternal Starting service [Catalina]
20-May-2022 19:35:49.887 INFO [main] org.apache.catalina.core.StandardEngine.startInternal Starting Servlet engine: [Apache Tomcat/9.0.62]
20-May-2022 19:35:49.898 INFO [main] org.apache.catalina.startup.HostConfig.deployDirectory Deploying web application directory [C:\Users\medoa\Desktop\apache-tomcat-9.0.62-windows-x64\apache-tomcat-9.0.62\webapps\docs]
20-May-2022 19:35:50.792 INFO [main] org.apache.jasper.servlet.TldScanner.scanJars At least one JAR was scanned for TLDs yet contained no TLDs. Enable debug logging for this logger for a complete list of JARs that were scanned but no TLDs were found in them. Skipping unneeded JARs during scanning can improve startup time and JSP compilation time.
20-May-2022 19:35:51.102 WARNING [main] org.apache.catalina.util.SessionIdGeneratorBase.createSecureRandom Creation of SecureRandom instance for session ID generation using [SHA1PRNG] took [246] milliseconds.
20-May-2022 19:35:51.129 INFO [main] org.apache.catalina.startup.HostConfig.deployDirectory Deployment of web application directory [C:\Users\medoa\Desktop\apache-tomcat-9.0.62-windows-x64\apache-tomcat-9.0.62\webapps\docs] has finished in [1,230] ms
20-May-2022 19:35:51.129 INFO [main] org.apache.catalina.startup.HostConfig.deployDirectory Deploying web application directory [C:\Users\medoa\Desktop\apache-tomcat-9.0.62-windows-x64\apache-tomcat-9.0.62\webapps\examples]
20-May-2022 19:35:51.815 INFO [main] org.apache.jasper.servlet.TldScanner.scanJars At least one JAR was scanned for TLDs yet contained no TLDs. Enable debug logging for this logger for a complete list of JARs that were scanned but no TLDs were found in them. Skipping unneeded JARs during scanning can improve startup time and JSP compilation time.
20-May-2022 19:35:51.899 INFO [main] org.apache.catalina.startup.HostConfig.deployDirectory Deployment of web application directory [C:\Users\medoa\Desktop\apache-tomcat-9.0.62-windows-x64\apache-tomcat-9.0.62\webapps\examples] has finished in [769] ms
20-May-2022 19:35:51.899 INFO [main] org.apache.catalina.startup.HostConfig.deployDirectory Deploying web application directory [C:\Users\medoa\Desktop\apache-tomcat-9.0.62-windows-x64\apache-tomcat-9.0.62\webapps\host-manager]
20-May-2022 19:35:52.488 INFO [main] org.apache.jasper.servlet.TldScanner.scanJars At least one JAR was scanned for TLDs yet contained no TLDs. Enable debug logging for this logger for a complete list of JARs that were scanned but no TLDs were found in them. Skipping unneeded JARs during scanning can improve startup time and JSP compilation time.
20-May-2022 19:35:52.511 INFO [main] org.apache.catalina.startup.HostConfig.deployDirectory Deployment of web application directory [C:\Users\medoa\Desktop\apache-tomcat-9.0.62-windows-x64\apache-tomcat-9.0.62\webapps\host-manager] has finished in [611] ms
20-May-2022 19:35:52.511 INFO [main] org.apache.catalina.startup.HostConfig.deployDirectory Deploying web application directory [C:\Users\medoa\Desktop\apache-tomcat-9.0.62-windows-x64\apache-tomcat-9.0.62\webapps\manager]
20-May-2022 19:35:53.013 INFO [main] org.apache.jasper.servlet.TldScanner.scanJars At least one JAR was scanned for TLDs yet contained no TLDs. Enable debug logging for this logger for a complete list of JARs that were scanned but no TLDs were found in them. Skipping unneeded JARs during scanning can improve startup time and JSP compilation time.
20-May-2022 19:35:53.020 INFO [main] org.apache.catalina.startup.HostConfig.deployDirectory Deployment of web application directory [C:\Users\medoa\Desktop\apache-tomcat-9.0.62-windows-x64\apache-tomcat-9.0.62\webapps\manager] has finished in [508] ms
20-May-2022 19:35:53.020 INFO [main] org.apache.catalina.startup.HostConfig.deployDirectory Deploying web application directory [C:\Users\medoa\Desktop\apache-tomcat-9.0.62-windows-x64\apache-tomcat-9.0.62\webapps\ROOT]
20-May-2022 19:35:53.586 INFO [main] org.apache.jasper.servlet.TldScanner.scanJars At least one JAR was scanned for TLDs yet contained no TLDs. Enable debug logging for this logger for a complete list of JARs that were scanned but no TLDs were found in them. Skipping unneeded JARs during scanning can improve startup time and JSP compilation time.
20-May-2022 19:35:53.597 INFO [main] org.apache.catalina.startup.HostConfig.deployDirectory Deployment of web application directory [C:\Users\medoa\Desktop\apache-tomcat-9.0.62-windows-x64\apache-tomcat-9.0.62\webapps\ROOT] has finished in [577] ms
20-May-2022 19:35:53.600 INFO [main] org.apache.coyote.AbstractProtocol.start Starting ProtocolHandler ["http-nio-8080"]
20-May-2022 19:35:53.626 INFO [main] org.apache.catalina.startup.Catalina.start Server startup in [3775] milliseconds
20-May-2022 19:37:36.910 INFO [main] org.apache.catalina.startup.VersionLoggerListener.log Server version name:   Apache Tomcat/9.0.62
20-May-2022 19:37:36.912 INFO [main] org.apache.catalina.startup.VersionLoggerListener.log Server built:          Mar 31 2022 14:34:15 UTC
20-May-2022 19:37:36.913 INFO [main] org.apache.catalina.startup.VersionLoggerListener.log Server version number: 9.0.62.0
20-May-2022 19:37:36.913 INFO [main] org.apache.catalina.startup.VersionLoggerListener.log OS Name:               Windows 10
20-May-2022 19:37:36.913 INFO [main] org.apache.catalina.startup.VersionLoggerListener.log OS Version:            10.0
20-May-2022 19:37:36.913 INFO [main] org.apache.catalina.startup.VersionLoggerListener.log Architecture:          amd64
20-May-2022 19:37:36.913 INFO [main] org.apache.catalina.startup.VersionLoggerListener.log Java Home:             C:\Program Files\Java\jre1.8.0_311
20-May-2022 19:37:36.913 INFO [main] org.apache.catalina.startup.VersionLoggerListener.log JVM Version:           1.8.0_311-b11
20-May-2022 19:37:36.914 INFO [main] org.apache.catalina.startup.VersionLoggerListener.log JVM Vendor:            Oracle Corporation
20-May-2022 19:37:36.914 INFO [main] org.apache.catalina.startup.VersionLoggerListener.log CATALINA_BASE:         C:\Users\medoa\Desktop\apache-tomcat-9.0.62-windows-x64\apache-tomcat-9.0.62
20-May-2022 19:37:36.914 INFO [main] org.apache.catalina.startup.VersionLoggerListener.log CATALINA_HOME:         C:\Users\medoa\Desktop\apache-tomcat-9.0.62-windows-x64\apache-tomcat-9.0.62
20-May-2022 19:37:36.915 INFO [main] org.apache.catalina.startup.VersionLoggerListener.log Command line argument: -Djava.util.logging.config.file=C:\Users\medoa\Desktop\apache-tomcat-9.0.62-windows-x64\apache-tomcat-9.0.62\conf\logging.properties
20-May-2022 19:37:36.915 INFO [main] org.apache.catalina.startup.VersionLoggerListener.log Command line argument: -Djava.util.logging.manager=org.apache.juli.ClassLoaderLogManager
20-May-2022 19:37:36.915 INFO [main] org.apache.catalina.startup.VersionLoggerListener.log Command line argument: -Djdk.tls.ephemeralDHKeySize=2048
20-May-2022 19:37:36.915 INFO [main] org.apache.catalina.startup.VersionLoggerListener.log Command line argument: -Djava.protocol.handler.pkgs=org.apache.catalina.webresources
20-May-2022 19:37:36.915 INFO [main] org.apache.catalina.startup.VersionLoggerListener.log Command line argument: -Dignore.endorsed.dirs=
20-May-2022 19:37:36.915 INFO [main] org.apache.catalina.startup.VersionLoggerListener.log Command line argument: -Dcatalina.base=C:\Users\medoa\Desktop\apache-tomcat-9.0.62-windows-x64\apache-tomcat-9.0.62
20-May-2022 19:37:36.916 INFO [main] org.apache.catalina.startup.VersionLoggerListener.log Command line argument: -Dcatalina.home=C:\Users\medoa\Desktop\apache-tomcat-9.0.62-windows-x64\apache-tomcat-9.0.62
20-May-2022 19:37:36.916 INFO [main] org.apache.catalina.startup.VersionLoggerListener.log Command line argument: -Djava.io.tmpdir=C:\Users\medoa\Desktop\apache-tomcat-9.0.62-windows-x64\apache-tomcat-9.0.62\temp
20-May-2022 19:37:36.919 INFO [main] org.apache.catalina.core.AprLifecycleListener.lifecycleEvent Loaded Apache Tomcat Native library [1.2.32] using APR version [1.7.0].
20-May-2022 19:37:36.920 INFO [main] org.apache.catalina.core.AprLifecycleListener.lifecycleEvent APR capabilities: IPv6 [true], sendfile [true], accept filters [false], random [true], UDS [true].
20-May-2022 19:37:36.920 INFO [main] org.apache.catalina.core.AprLifecycleListener.lifecycleEvent APR/OpenSSL configuration: useAprConnector [false], useOpenSSL [true]
20-May-2022 19:37:36.925 INFO [main] org.apache.catalina.core.AprLifecycleListener.initializeSSL OpenSSL successfully initialized [OpenSSL 1.1.1n  15 Mar 2022]
20-May-2022 19:37:37.299 INFO [main] org.apache.coyote.AbstractProtocol.init Initializing ProtocolHandler ["http-nio-8080"]
20-May-2022 19:37:37.323 INFO [main] org.apache.catalina.startup.Catalina.load Server initialization in [586] milliseconds
20-May-2022 19:37:37.359 INFO [main] org.apache.catalina.core.StandardService.startInternal Starting service [Catalina]
20-May-2022 19:37:37.360 INFO [main] org.apache.catalina.core.StandardEngine.startInternal Starting Servlet engine: [Apache Tomcat/9.0.62]
20-May-2022 19:37:37.371 INFO [main] org.apache.catalina.startup.HostConfig.deployDirectory Deploying web application directory [C:\Users\medoa\Desktop\apache-tomcat-9.0.62-windows-x64\apache-tomcat-9.0.62\webapps\docs]
20-May-2022 19:37:38.191 INFO [main] org.apache.jasper.servlet.TldScanner.scanJars At least one JAR was scanned for TLDs yet contained no TLDs. Enable debug logging for this logger for a complete list of JARs that were scanned but no TLDs were found in them. Skipping unneeded JARs during scanning can improve startup time and JSP compilation time.
20-May-2022 19:37:38.515 WARNING [main] org.apache.catalina.util.SessionIdGeneratorBase.createSecureRandom Creation of SecureRandom instance for session ID generation using [SHA1PRNG] took [286] milliseconds.
20-May-2022 19:37:38.547 INFO [main] org.apache.catalina.startup.HostConfig.deployDirectory Deployment of web application directory [C:\Users\medoa\Desktop\apache-tomcat-9.0.62-windows-x64\apache-tomcat-9.0.62\webapps\docs] has finished in [1,176] ms
20-May-2022 19:37:38.548 INFO [main] org.apache.catalina.startup.HostConfig.deployDirectory Deploying web application directory [C:\Users\medoa\Desktop\apache-tomcat-9.0.62-windows-x64\apache-tomcat-9.0.62\webapps\examples]
20-May-2022 19:37:39.425 INFO [main] org.apache.jasper.servlet.TldScanner.scanJars At least one JAR was scanned for TLDs yet contained no TLDs. Enable debug logging for this logger for a complete list of JARs that were scanned but no TLDs were found in them. Skipping unneeded JARs during scanning can improve startup time and JSP compilation time.
20-May-2022 19:37:39.482 INFO [main] org.apache.catalina.startup.HostConfig.deployDirectory Deployment of web application directory [C:\Users\medoa\Desktop\apache-tomcat-9.0.62-windows-x64\apache-tomcat-9.0.62\webapps\examples] has finished in [934] ms
20-May-2022 19:37:39.482 INFO [main] org.apache.catalina.startup.HostConfig.deployDirectory Deploying web application directory [C:\Users\medoa\Desktop\apache-tomcat-9.0.62-windows-x64\apache-tomcat-9.0.62\webapps\host-manager]
20-May-2022 19:37:40.088 INFO [main] org.apache.jasper.servlet.TldScanner.scanJars At least one JAR was scanned for TLDs yet contained no TLDs. Enable debug logging for this logger for a complete list of JARs that were scanned but no TLDs were found in them. Skipping unneeded JARs during scanning can improve startup time and JSP compilation time.
20-May-2022 19:37:40.097 INFO [main] org.apache.catalina.startup.HostConfig.deployDirectory Deployment of web application directory [C:\Users\medoa\Desktop\apache-tomcat-9.0.62-windows-x64\apache-tomcat-9.0.62\webapps\host-manager] has finished in [615] ms
20-May-2022 19:37:40.097 INFO [main] org.apache.catalina.startup.HostConfig.deployDirectory Deploying web application directory [C:\Users\medoa\Desktop\apache-tomcat-9.0.62-windows-x64\apache-tomcat-9.0.62\webapps\manager]
20-May-2022 19:37:40.800 INFO [main] org.apache.jasper.servlet.TldScanner.scanJars At least one JAR was scanned for TLDs yet contained no TLDs. Enable debug logging for this logger for a complete list of JARs that were scanned but no TLDs were found in them. Skipping unneeded JARs during scanning can improve startup time and JSP compilation time.
20-May-2022 19:37:40.810 INFO [main] org.apache.catalina.startup.HostConfig.deployDirectory Deployment of web application directory [C:\Users\medoa\Desktop\apache-tomcat-9.0.62-windows-x64\apache-tomcat-9.0.62\webapps\manager] has finished in [712] ms
20-May-2022 19:37:40.810 INFO [main] org.apache.catalina.startup.HostConfig.deployDirectory Deploying web application directory [C:\Users\medoa\Desktop\apache-tomcat-9.0.62-windows-x64\apache-tomcat-9.0.62\webapps\ROOT]
20-May-2022 19:37:41.689 INFO [main] org.apache.jasper.servlet.TldScanner.scanJars At least one JAR was scanned for TLDs yet contained no TLDs. Enable debug logging for this logger for a complete list of JARs that were scanned but no TLDs were found in them. Skipping unneeded JARs during scanning can improve startup time and JSP compilation time.
20-May-2022 19:37:41.720 INFO [main] org.apache.catalina.startup.HostConfig.deployDirectory Deployment of web application directory [C:\Users\medoa\Desktop\apache-tomcat-9.0.62-windows-x64\apache-tomcat-9.0.62\webapps\ROOT] has finished in [910] ms
20-May-2022 19:37:41.747 INFO [main] org.apache.coyote.AbstractProtocol.start Starting ProtocolHandler ["http-nio-8080"]
20-May-2022 19:37:41.805 INFO [main] org.apache.catalina.startup.Catalina.start Server startup in [4480] milliseconds
20-May-2022 19:38:42.008 INFO [main] org.apache.catalina.startup.VersionLoggerListener.log Server version name:   Apache Tomcat/9.0.62
20-May-2022 19:38:42.010 INFO [main] org.apache.catalina.startup.VersionLoggerListener.log Server built:          Mar 31 2022 14:34:15 UTC
20-May-2022 19:38:42.011 INFO [main] org.apache.catalina.startup.VersionLoggerListener.log Server version number: 9.0.62.0
20-May-2022 19:38:42.011 INFO [main] org.apache.catalina.startup.VersionLoggerListener.log OS Name:               Windows 10
20-May-2022 19:38:42.011 INFO [main] org.apache.catalina.startup.VersionLoggerListener.log OS Version:            10.0
20-May-2022 19:38:42.011 INFO [main] org.apache.catalina.startup.VersionLoggerListener.log Architecture:          amd64
20-May-2022 19:38:42.011 INFO [main] org.apache.catalina.startup.VersionLoggerListener.log Java Home:             C:\Program Files\Java\jre1.8.0_311
20-May-2022 19:38:42.012 INFO [main] org.apache.catalina.startup.VersionLoggerListener.log JVM Version:           1.8.0_311-b11
20-May-2022 19:38:42.012 INFO [main] org.apache.catalina.startup.VersionLoggerListener.log JVM Vendor:            Oracle Corporation
20-May-2022 19:38:42.012 INFO [main] org.apache.catalina.startup.VersionLoggerListener.log CATALINA_BASE:         C:\Users\medoa\Desktop\apache-tomcat-9.0.62-windows-x64\apache-tomcat-9.0.62
20-May-2022 19:38:42.012 INFO [main] org.apache.catalina.startup.VersionLoggerListener.log CATALINA_HOME:         C:\Users\medoa\Desktop\apache-tomcat-9.0.62-windows-x64\apache-tomcat-9.0.62
20-May-2022 19:38:42.013 INFO [main] org.apache.catalina.startup.VersionLoggerListener.log Command line argument: -Djava.util.logging.config.file=C:\Users\medoa\Desktop\apache-tomcat-9.0.62-windows-x64\apache-tomcat-9.0.62\conf\logging.properties
20-May-2022 19:38:42.013 INFO [main] org.apache.catalina.startup.VersionLoggerListener.log Command line argument: -Djava.util.logging.manager=org.apache.juli.ClassLoaderLogManager
20-May-2022 19:38:42.013 INFO [main] org.apache.catalina.startup.VersionLoggerListener.log Command line argument: -Djdk.tls.ephemeralDHKeySize=2048
20-May-2022 19:38:42.013 INFO [main] org.apache.catalina.startup.VersionLoggerListener.log Command line argument: -Djava.protocol.handler.pkgs=org.apache.catalina.webresources
20-May-2022 19:38:42.014 INFO [main] org.apache.catalina.startup.VersionLoggerListener.log Command line argument: -Dignore.endorsed.dirs=
20-May-2022 19:38:42.014 INFO [main] org.apache.catalina.startup.VersionLoggerListener.log Command line argument: -Dcatalina.base=C:\Users\medoa\Desktop\apache-tomcat-9.0.62-windows-x64\apache-tomcat-9.0.62
20-May-2022 19:38:42.015 INFO [main] org.apache.catalina.startup.VersionLoggerListener.log Command line argument: -Dcatalina.home=C:\Users\medoa\Desktop\apache-tomcat-9.0.62-windows-x64\apache-tomcat-9.0.62
20-May-2022 19:38:42.015 INFO [main] org.apache.catalina.startup.VersionLoggerListener.log Command line argument: -Djava.io.tmpdir=C:\Users\medoa\Desktop\apache-tomcat-9.0.62-windows-x64\apache-tomcat-9.0.62\temp
20-May-2022 19:38:42.018 INFO [main] org.apache.catalina.core.AprLifecycleListener.lifecycleEvent Loaded Apache Tomcat Native library [1.2.32] using APR version [1.7.0].
20-May-2022 19:38:42.018 INFO [main] org.apache.catalina.core.AprLifecycleListener.lifecycleEvent APR capabilities: IPv6 [true], sendfile [true], accept filters [false], random [true], UDS [true].
20-May-2022 19:38:42.019 INFO [main] org.apache.catalina.core.AprLifecycleListener.lifecycleEvent APR/OpenSSL configuration: useAprConnector [false], useOpenSSL [true]
20-May-2022 19:38:42.024 INFO [main] org.apache.catalina.core.AprLifecycleListener.initializeSSL OpenSSL successfully initialized [OpenSSL 1.1.1n  15 Mar 2022]
20-May-2022 19:38:42.376 INFO [main] org.apache.coyote.AbstractProtocol.init Initializing ProtocolHandler ["http-nio-8080"]
20-May-2022 19:38:42.437 INFO [main] org.apache.catalina.startup.Catalina.load Server initialization in [586] milliseconds
20-May-2022 19:38:42.482 INFO [main] org.apache.catalina.core.StandardService.startInternal Starting service [Catalina]
20-May-2022 19:38:42.482 INFO [main] org.apache.catalina.core.StandardEngine.startInternal Starting Servlet engine: [Apache Tomcat/9.0.62]
20-May-2022 19:38:42.494 INFO [main] org.apache.catalina.startup.HostConfig.deployDirectory Deploying web application directory [C:\Users\medoa\Desktop\apache-tomcat-9.0.62-windows-x64\apache-tomcat-9.0.62\webapps\docs]
20-May-2022 19:38:43.334 INFO [main] org.apache.jasper.servlet.TldScanner.scanJars At least one JAR was scanned for TLDs yet contained no TLDs. Enable debug logging for this logger for a complete list of JARs that were scanned but no TLDs were found in them. Skipping unneeded JARs during scanning can improve startup time and JSP compilation time.
20-May-2022 19:38:43.594 WARNING [main] org.apache.catalina.util.SessionIdGeneratorBase.createSecureRandom Creation of SecureRandom instance for session ID generation using [SHA1PRNG] took [228] milliseconds.
20-May-2022 19:38:43.613 INFO [main] org.apache.catalina.startup.HostConfig.deployDirectory Deployment of web application directory [C:\Users\medoa\Desktop\apache-tomcat-9.0.62-windows-x64\apache-tomcat-9.0.62\webapps\docs] has finished in [1,118] ms
20-May-2022 19:38:43.613 INFO [main] org.apache.catalina.startup.HostConfig.deployDirectory Deploying web application directory [C:\Users\medoa\Desktop\apache-tomcat-9.0.62-windows-x64\apache-tomcat-9.0.62\webapps\examples]
20-May-2022 19:38:44.323 INFO [main] org.apache.jasper.servlet.TldScanner.scanJars At least one JAR was scanned for TLDs yet contained no TLDs. Enable debug logging for this logger for a complete list of JARs that were scanned but no TLDs were found in them. Skipping unneeded JARs during scanning can improve startup time and JSP compilation time.
20-May-2022 19:38:44.384 INFO [main] org.apache.catalina.startup.HostConfig.deployDirectory Deployment of web application directory [C:\Users\medoa\Desktop\apache-tomcat-9.0.62-windows-x64\apache-tomcat-9.0.62\webapps\examples] has finished in [771] ms
20-May-2022 19:38:44.385 INFO [main] org.apache.catalina.startup.HostConfig.deployDirectory Deploying web application directory [C:\Users\medoa\Desktop\apache-tomcat-9.0.62-windows-x64\apache-tomcat-9.0.62\webapps\host-manager]
20-May-2022 19:38:44.900 INFO [main] org.apache.jasper.servlet.TldScanner.scanJars At least one JAR was scanned for TLDs yet contained no TLDs. Enable debug logging for this logger for a complete list of JARs that were scanned but no TLDs were found in them. Skipping unneeded JARs during scanning can improve startup time and JSP compilation time.
20-May-2022 19:38:44.926 INFO [main] org.apache.catalina.startup.HostConfig.deployDirectory Deployment of web application directory [C:\Users\medoa\Desktop\apache-tomcat-9.0.62-windows-x64\apache-tomcat-9.0.62\webapps\host-manager] has finished in [542] ms
20-May-2022 19:38:44.927 INFO [main] org.apache.catalina.startup.HostConfig.deployDirectory Deploying web application directory [C:\Users\medoa\Desktop\apache-tomcat-9.0.62-windows-x64\apache-tomcat-9.0.62\webapps\manager]
20-May-2022 19:38:45.557 INFO [main] org.apache.jasper.servlet.TldScanner.scanJars At least one JAR was scanned for TLDs yet contained no TLDs. Enable debug logging for this logger for a complete list of JARs that were scanned but no TLDs were found in them. Skipping unneeded JARs during scanning can improve startup time and JSP compilation time.
20-May-2022 19:38:45.566 INFO [main] org.apache.catalina.startup.HostConfig.deployDirectory Deployment of web application directory [C:\Users\medoa\Desktop\apache-tomcat-9.0.62-windows-x64\apache-tomcat-9.0.62\webapps\manager] has finished in [638] ms
20-May-2022 19:38:45.566 INFO [main] org.apache.catalina.startup.HostConfig.deployDirectory Deploying web application directory [C:\Users\medoa\Desktop\apache-tomcat-9.0.62-windows-x64\apache-tomcat-9.0.62\webapps\ROOT]
20-May-2022 19:38:46.209 INFO [main] org.apache.jasper.servlet.TldScanner.scanJars At least one JAR was scanned for TLDs yet contained no TLDs. Enable debug logging for this logger for a complete list of JARs that were scanned but no TLDs were found in them. Skipping unneeded JARs during scanning can improve startup time and JSP compilation time.
20-May-2022 19:38:46.222 INFO [main] org.apache.catalina.startup.HostConfig.deployDirectory Deployment of web application directory [C:\Users\medoa\Desktop\apache-tomcat-9.0.62-windows-x64\apache-tomcat-9.0.62\webapps\ROOT] has finished in [655] ms
20-May-2022 19:38:46.229 INFO [main] org.apache.coyote.AbstractProtocol.start Starting ProtocolHandler ["http-nio-8080"]
20-May-2022 19:38:46.256 INFO [main] org.apache.catalina.startup.Catalina.start Server startup in [3819] milliseconds
20-May-2022 19:41:07.547 INFO [main] org.apache.catalina.startup.VersionLoggerListener.log Server version name:   Apache Tomcat/9.0.62
20-May-2022 19:41:07.549 INFO [main] org.apache.catalina.startup.VersionLoggerListener.log Server built:          Mar 31 2022 14:34:15 UTC
20-May-2022 19:41:07.549 INFO [main] org.apache.catalina.startup.VersionLoggerListener.log Server version number: 9.0.62.0
20-May-2022 19:41:07.550 INFO [main] org.apache.catalina.startup.VersionLoggerListener.log OS Name:               Windows 10
20-May-2022 19:41:07.550 INFO [main] org.apache.catalina.startup.VersionLoggerListener.log OS Version:            10.0
20-May-2022 19:41:07.550 INFO [main] org.apache.catalina.startup.VersionLoggerListener.log Architecture:          amd64
20-May-2022 19:41:07.550 INFO [main] org.apache.catalina.startup.VersionLoggerListener.log Java Home:             C:\Program Files\Java\jre1.8.0_311
20-May-2022 19:41:07.550 INFO [main] org.apache.catalina.startup.VersionLoggerListener.log JVM Version:           1.8.0_311-b11
20-May-2022 19:41:07.550 INFO [main] org.apache.catalina.startup.VersionLoggerListener.log JVM Vendor:            Oracle Corporation
20-May-2022 19:41:07.551 INFO [main] org.apache.catalina.startup.VersionLoggerListener.log CATALINA_BASE:         C:\Users\medoa\Desktop\apache-tomcat-9.0.62-windows-x64\apache-tomcat-9.0.62
20-May-2022 19:41:07.551 INFO [main] org.apache.catalina.startup.VersionLoggerListener.log CATALINA_HOME:         C:\Users\medoa\Desktop\apache-tomcat-9.0.62-windows-x64\apache-tomcat-9.0.62
20-May-2022 19:41:07.551 INFO [main] org.apache.catalina.startup.VersionLoggerListener.log Command line argument: -Djava.util.logging.config.file=C:\Users\medoa\Desktop\apache-tomcat-9.0.62-windows-x64\apache-tomcat-9.0.62\conf\logging.properties
20-May-2022 19:41:07.551 INFO [main] org.apache.catalina.startup.VersionLoggerListener.log Command line argument: -Djava.util.logging.manager=org.apache.juli.ClassLoaderLogManager
20-May-2022 19:41:07.552 INFO [main] org.apache.catalina.startup.VersionLoggerListener.log Command line argument: -Djdk.tls.ephemeralDHKeySize=2048
20-May-2022 19:41:07.552 INFO [main] org.apache.catalina.startup.VersionLoggerListener.log Command line argument: -Djava.protocol.handler.pkgs=org.apache.catalina.webresources
20-May-2022 19:41:07.552 INFO [main] org.apache.catalina.startup.VersionLoggerListener.log Command line argument: -Dignore.endorsed.dirs=
20-May-2022 19:41:07.552 INFO [main] org.apache.catalina.startup.VersionLoggerListener.log Command line argument: -Dcatalina.base=C:\Users\medoa\Desktop\apache-tomcat-9.0.62-windows-x64\apache-tomcat-9.0.62
20-May-2022 19:41:07.553 INFO [main] org.apache.catalina.startup.VersionLoggerListener.log Command line argument: -Dcatalina.home=C:\Users\medoa\Desktop\apache-tomcat-9.0.62-windows-x64\apache-tomcat-9.0.62
20-May-2022 19:41:07.553 INFO [main] org.apache.catalina.startup.VersionLoggerListener.log Command line argument: -Djava.io.tmpdir=C:\Users\medoa\Desktop\apache-tomcat-9.0.62-windows-x64\apache-tomcat-9.0.62\temp
20-May-2022 19:41:07.557 INFO [main] org.apache.catalina.core.AprLifecycleListener.lifecycleEvent Loaded Apache Tomcat Native library [1.2.32] using APR version [1.7.0].
20-May-2022 19:41:07.558 INFO [main] org.apache.catalina.core.AprLifecycleListener.lifecycleEvent APR capabilities: IPv6 [true], sendfile [true], accept filters [false], random [true], UDS [true].
20-May-2022 19:41:07.558 INFO [main] org.apache.catalina.core.AprLifecycleListener.lifecycleEvent APR/OpenSSL configuration: useAprConnector [false], useOpenSSL [true]
20-May-2022 19:41:07.567 INFO [main] org.apache.catalina.core.AprLifecycleListener.initializeSSL OpenSSL successfully initialized [OpenSSL 1.1.1n  15 Mar 2022]
20-May-2022 19:41:08.020 INFO [main] org.apache.coyote.AbstractProtocol.init Initializing ProtocolHandler ["http-nio-8080"]
20-May-2022 19:41:08.052 INFO [main] org.apache.catalina.startup.Catalina.load Server initialization in [654] milliseconds
20-May-2022 19:41:08.087 INFO [main] org.apache.catalina.core.StandardService.startInternal Starting service [Catalina]
20-May-2022 19:41:08.087 INFO [main] org.apache.catalina.core.StandardEngine.startInternal Starting Servlet engine: [Apache Tomcat/9.0.62]
20-May-2022 19:41:08.099 INFO [main] org.apache.catalina.startup.HostConfig.deployDirectory Deploying web application directory [C:\Users\medoa\Desktop\apache-tomcat-9.0.62-windows-x64\apache-tomcat-9.0.62\webapps\docs]
20-May-2022 19:41:08.938 INFO [main] org.apache.jasper.servlet.TldScanner.scanJars At least one JAR was scanned for TLDs yet contained no TLDs. Enable debug logging for this logger for a complete list of JARs that were scanned but no TLDs were found in them. Skipping unneeded JARs during scanning can improve startup time and JSP compilation time.
20-May-2022 19:41:09.227 WARNING [main] org.apache.catalina.util.SessionIdGeneratorBase.createSecureRandom Creation of SecureRandom instance for session ID generation using [SHA1PRNG] took [245] milliseconds.
20-May-2022 19:41:09.270 INFO [main] org.apache.catalina.startup.HostConfig.deployDirectory Deployment of web application directory [C:\Users\medoa\Desktop\apache-tomcat-9.0.62-windows-x64\apache-tomcat-9.0.62\webapps\docs] has finished in [1,171] ms
20-May-2022 19:41:09.271 INFO [main] org.apache.catalina.startup.HostConfig.deployDirectory Deploying web application directory [C:\Users\medoa\Desktop\apache-tomcat-9.0.62-windows-x64\apache-tomcat-9.0.62\webapps\examples]
20-May-2022 19:41:09.988 INFO [main] org.apache.jasper.servlet.TldScanner.scanJars At least one JAR was scanned for TLDs yet contained no TLDs. Enable debug logging for this logger for a complete list of JARs that were scanned but no TLDs were found in them. Skipping unneeded JARs during scanning can improve startup time and JSP compilation time.
20-May-2022 19:41:10.032 INFO [main] org.apache.catalina.startup.HostConfig.deployDirectory Deployment of web application directory [C:\Users\medoa\Desktop\apache-tomcat-9.0.62-windows-x64\apache-tomcat-9.0.62\webapps\examples] has finished in [761] ms
20-May-2022 19:41:10.033 INFO [main] org.apache.catalina.startup.HostConfig.deployDirectory Deploying web application directory [C:\Users\medoa\Desktop\apache-tomcat-9.0.62-windows-x64\apache-tomcat-9.0.62\webapps\host-manager]
20-May-2022 19:41:10.593 INFO [main] org.apache.jasper.servlet.TldScanner.scanJars At least one JAR was scanned for TLDs yet contained no TLDs. Enable debug logging for this logger for a complete list of JARs that were scanned but no TLDs were found in them. Skipping unneeded JARs during scanning can improve startup time and JSP compilation time.
20-May-2022 19:41:10.603 INFO [main] org.apache.catalina.startup.HostConfig.deployDirectory Deployment of web application directory [C:\Users\medoa\Desktop\apache-tomcat-9.0.62-windows-x64\apache-tomcat-9.0.62\webapps\host-manager] has finished in [570] ms
20-May-2022 19:41:10.603 INFO [main] org.apache.catalina.startup.HostConfig.deployDirectory Deploying web application directory [C:\Users\medoa\Desktop\apache-tomcat-9.0.62-windows-x64\apache-tomcat-9.0.62\webapps\manager]
20-May-2022 19:41:11.171 INFO [main] org.apache.jasper.servlet.TldScanner.scanJars At least one JAR was scanned for TLDs yet contained no TLDs. Enable debug logging for this logger for a complete list of JARs that were scanned but no TLDs were found in them. Skipping unneeded JARs during scanning can improve startup time and JSP compilation time.
20-May-2022 19:41:11.176 INFO [main] org.apache.catalina.startup.HostConfig.deployDirectory Deployment of web application directory [C:\Users\medoa\Desktop\apache-tomcat-9.0.62-windows-x64\apache-tomcat-9.0.62\webapps\manager] has finished in [573] ms
20-May-2022 19:41:11.177 INFO [main] org.apache.catalina.startup.HostConfig.deployDirectory Deploying web application directory [C:\Users\medoa\Desktop\apache-tomcat-9.0.62-windows-x64\apache-tomcat-9.0.62\webapps\ROOT]
20-May-2022 19:41:11.673 INFO [main] org.apache.jasper.servlet.TldScanner.scanJars At least one JAR was scanned for TLDs yet contained no TLDs. Enable debug logging for this logger for a complete list of JARs that were scanned but no TLDs were found in them. Skipping unneeded JARs during scanning can improve startup time and JSP compilation time.
20-May-2022 19:41:11.683 INFO [main] org.apache.catalina.startup.HostConfig.deployDirectory Deployment of web application directory [C:\Users\medoa\Desktop\apache-tomcat-9.0.62-windows-x64\apache-tomcat-9.0.62\webapps\ROOT] has finished in [507] ms
20-May-2022 19:41:11.757 INFO [main] org.apache.coyote.AbstractProtocol.start Starting ProtocolHandler ["http-nio-8080"]
20-May-2022 19:41:11.778 INFO [main] org.apache.catalina.startup.Catalina.start Server startup in [3726] milliseconds
20-May-2022 19:46:52.732 INFO [main] org.apache.catalina.startup.VersionLoggerListener.log Server version name:   Apache Tomcat/9.0.62
20-May-2022 19:46:52.836 INFO [main] org.apache.catalina.startup.VersionLoggerListener.log Server built:          Mar 31 2022 14:34:15 UTC
20-May-2022 19:46:52.836 INFO [main] org.apache.catalina.startup.VersionLoggerListener.log Server version number: 9.0.62.0
20-May-2022 19:46:52.837 INFO [main] org.apache.catalina.startup.VersionLoggerListener.log OS Name:               Windows 10
20-May-2022 19:46:52.837 INFO [main] org.apache.catalina.startup.VersionLoggerListener.log OS Version:            10.0
20-May-2022 19:46:52.838 INFO [main] org.apache.catalina.startup.VersionLoggerListener.log Architecture:          amd64
20-May-2022 19:46:52.838 INFO [main] org.apache.catalina.startup.VersionLoggerListener.log Java Home:             C:\Program Files\Java\jre1.8.0_311
20-May-2022 19:46:52.838 INFO [main] org.apache.catalina.startup.VersionLoggerListener.log JVM Version:           1.8.0_311-b11
20-May-2022 19:46:52.839 INFO [main] org.apache.catalina.startup.VersionLoggerListener.log JVM Vendor:            Oracle Corporation
20-May-2022 19:46:52.839 INFO [main] org.apache.catalina.startup.VersionLoggerListener.log CATALINA_BASE:         C:\Users\medoa\Desktop\apache-tomcat-9.0.62-windows-x64\apache-tomcat-9.0.62
20-May-2022 19:46:52.839 INFO [main] org.apache.catalina.startup.VersionLoggerListener.log CATALINA_HOME:         C:\Users\medoa\Desktop\apache-tomcat-9.0.62-windows-x64\apache-tomcat-9.0.62
20-May-2022 19:46:52.842 INFO [main] org.apache.catalina.startup.VersionLoggerListener.log Command line argument: -Djava.util.logging.config.file=C:\Users\medoa\Desktop\apache-tomcat-9.0.62-windows-x64\apache-tomcat-9.0.62\conf\logging.properties
20-May-2022 19:46:52.842 INFO [main] org.apache.catalina.startup.VersionLoggerListener.log Command line argument: -Djava.util.logging.manager=org.apache.juli.ClassLoaderLogManager
20-May-2022 19:46:52.843 INFO [main] org.apache.catalina.startup.VersionLoggerListener.log Command line argument: -Djdk.tls.ephemeralDHKeySize=2048
20-May-2022 19:46:52.843 INFO [main] org.apache.catalina.startup.VersionLoggerListener.log Command line argument: -Djava.protocol.handler.pkgs=org.apache.catalina.webresources
20-May-2022 19:46:52.843 INFO [main] org.apache.catalina.startup.VersionLoggerListener.log Command line argument: -Dignore.endorsed.dirs=
20-May-2022 19:46:52.844 INFO [main] org.apache.catalina.startup.VersionLoggerListener.log Command line argument: -Dcatalina.base=C:\Users\medoa\Desktop\apache-tomcat-9.0.62-windows-x64\apache-tomcat-9.0.62
20-May-2022 19:46:52.846 INFO [main] org.apache.catalina.startup.VersionLoggerListener.log Command line argument: -Dcatalina.home=C:\Users\medoa\Desktop\apache-tomcat-9.0.62-windows-x64\apache-tomcat-9.0.62
20-May-2022 19:46:52.846 INFO [main] org.apache.catalina.startup.VersionLoggerListener.log Command line argument: -Djava.io.tmpdir=C:\Users\medoa\Desktop\apache-tomcat-9.0.62-windows-x64\apache-tomcat-9.0.62\temp
20-May-2022 19:46:52.860 INFO [main] org.apache.catalina.core.AprLifecycleListener.lifecycleEvent Loaded Apache Tomcat Native library [1.2.32] using APR version [1.7.0].
20-May-2022 19:46:52.864 INFO [main] org.apache.catalina.core.AprLifecycleListener.lifecycleEvent APR capabilities: IPv6 [true], sendfile [true], accept filters [false], random [true], UDS [true].
20-May-2022 19:46:52.868 INFO [main] org.apache.catalina.core.AprLifecycleListener.lifecycleEvent APR/OpenSSL configuration: useAprConnector [false], useOpenSSL [true]
20-May-2022 19:46:52.878 INFO [main] org.apache.catalina.core.AprLifecycleListener.initializeSSL OpenSSL successfully initialized [OpenSSL 1.1.1n  15 Mar 2022]
20-May-2022 19:46:53.392 INFO [main] org.apache.coyote.AbstractProtocol.init Initializing ProtocolHandler ["http-nio-8080"]
20-May-2022 19:46:53.418 INFO [main] org.apache.catalina.startup.Catalina.load Server initialization in [853] milliseconds
20-May-2022 19:46:53.465 INFO [main] org.apache.catalina.core.StandardService.startInternal Starting service [Catalina]
20-May-2022 19:46:53.468 INFO [main] org.apache.catalina.core.StandardEngine.startInternal Starting Servlet engine: [Apache Tomcat/9.0.62]
20-May-2022 19:46:53.489 INFO [main] org.apache.catalina.startup.HostConfig.deployDirectory Deploying web application directory [C:\Users\medoa\Desktop\apache-tomcat-9.0.62-windows-x64\apache-tomcat-9.0.62\webapps\docs]
20-May-2022 19:46:54.306 INFO [main] org.apache.jasper.servlet.TldScanner.scanJars At least one JAR was scanned for TLDs yet contained no TLDs. Enable debug logging for this logger for a complete list of JARs that were scanned but no TLDs were found in them. Skipping unneeded JARs during scanning can improve startup time and JSP compilation time.
20-May-2022 19:46:54.571 WARNING [main] org.apache.catalina.util.SessionIdGeneratorBase.createSecureRandom Creation of SecureRandom instance for session ID generation using [SHA1PRNG] took [214] milliseconds.
20-May-2022 19:46:54.590 INFO [main] org.apache.catalina.startup.HostConfig.deployDirectory Deployment of web application directory [C:\Users\medoa\Desktop\apache-tomcat-9.0.62-windows-x64\apache-tomcat-9.0.62\webapps\docs] has finished in [1,102] ms
20-May-2022 19:46:54.591 INFO [main] org.apache.catalina.startup.HostConfig.deployDirectory Deploying web application directory [C:\Users\medoa\Desktop\apache-tomcat-9.0.62-windows-x64\apache-tomcat-9.0.62\webapps\examples]
20-May-2022 19:46:55.429 INFO [main] org.apache.jasper.servlet.TldScanner.scanJars At least one JAR was scanned for TLDs yet contained no TLDs. Enable debug logging for this logger for a complete list of JARs that were scanned but no TLDs were found in them. Skipping unneeded JARs during scanning can improve startup time and JSP compilation time.
20-May-2022 19:46:55.480 INFO [main] org.apache.catalina.startup.HostConfig.deployDirectory Deployment of web application directory [C:\Users\medoa\Desktop\apache-tomcat-9.0.62-windows-x64\apache-tomcat-9.0.62\webapps\examples] has finished in [889] ms
20-May-2022 19:46:55.481 INFO [main] org.apache.catalina.startup.HostConfig.deployDirectory Deploying web application directory [C:\Users\medoa\Desktop\apache-tomcat-9.0.62-windows-x64\apache-tomcat-9.0.62\webapps\host-manager]
20-May-2022 19:46:56.108 INFO [main] org.apache.jasper.servlet.TldScanner.scanJars At least one JAR was scanned for TLDs yet contained no TLDs. Enable debug logging for this logger for a complete list of JARs that were scanned but no TLDs were found in them. Skipping unneeded JARs during scanning can improve startup time and JSP compilation time.
20-May-2022 19:46:56.118 INFO [main] org.apache.catalina.startup.HostConfig.deployDirectory Deployment of web application directory [C:\Users\medoa\Desktop\apache-tomcat-9.0.62-windows-x64\apache-tomcat-9.0.62\webapps\host-manager] has finished in [637] ms
20-May-2022 19:46:56.119 INFO [main] org.apache.catalina.startup.HostConfig.deployDirectory Deploying web application directory [C:\Users\medoa\Desktop\apache-tomcat-9.0.62-windows-x64\apache-tomcat-9.0.62\webapps\manager]
20-May-2022 19:46:56.700 INFO [main] org.apache.jasper.servlet.TldScanner.scanJars At least one JAR was scanned for TLDs yet contained no TLDs. Enable debug logging for this logger for a complete list of JARs that were scanned but no TLDs were found in them. Skipping unneeded JARs during scanning can improve startup time and JSP compilation time.
20-May-2022 19:46:56.708 INFO [main] org.apache.catalina.startup.HostConfig.deployDirectory Deployment of web application directory [C:\Users\medoa\Desktop\apache-tomcat-9.0.62-windows-x64\apache-tomcat-9.0.62\webapps\manager] has finished in [588] ms
20-May-2022 19:46:56.708 INFO [main] org.apache.catalina.startup.HostConfig.deployDirectory Deploying web application directory [C:\Users\medoa\Desktop\apache-tomcat-9.0.62-windows-x64\apache-tomcat-9.0.62\webapps\ROOT]
20-May-2022 19:46:57.362 INFO [main] org.apache.jasper.servlet.TldScanner.scanJars At least one JAR was scanned for TLDs yet contained no TLDs. Enable debug logging for this logger for a complete list of JARs that were scanned but no TLDs were found in them. Skipping unneeded JARs during scanning can improve startup time and JSP compilation time.
20-May-2022 19:46:57.372 INFO [main] org.apache.catalina.startup.HostConfig.deployDirectory Deployment of web application directory [C:\Users\medoa\Desktop\apache-tomcat-9.0.62-windows-x64\apache-tomcat-9.0.62\webapps\ROOT] has finished in [664] ms
20-May-2022 19:46:57.420 INFO [main] org.apache.coyote.AbstractProtocol.start Starting ProtocolHandler ["http-nio-8080"]
20-May-2022 19:46:57.466 INFO [main] org.apache.catalina.startup.Catalina.start Server startup in [4048] milliseconds
20-May-2022 19:55:35.228 INFO [main] org.apache.catalina.startup.VersionLoggerListener.log Server version name:   Apache Tomcat/9.0.62
20-May-2022 19:55:35.233 INFO [main] org.apache.catalina.startup.VersionLoggerListener.log Server built:          Mar 31 2022 14:34:15 UTC
20-May-2022 19:55:35.233 INFO [main] org.apache.catalina.startup.VersionLoggerListener.log Server version number: 9.0.62.0
20-May-2022 19:55:35.233 INFO [main] org.apache.catalina.startup.VersionLoggerListener.log OS Name:               Windows 10
20-May-2022 19:55:35.234 INFO [main] org.apache.catalina.startup.VersionLoggerListener.log OS Version:            10.0
20-May-2022 19:55:35.234 INFO [main] org.apache.catalina.startup.VersionLoggerListener.log Architecture:          amd64
20-May-2022 19:55:35.234 INFO [main] org.apache.catalina.startup.VersionLoggerListener.log Java Home:             C:\Program Files\Java\jre1.8.0_311
20-May-2022 19:55:35.234 INFO [main] org.apache.catalina.startup.VersionLoggerListener.log JVM Version:           1.8.0_311-b11
20-May-2022 19:55:35.234 INFO [main] org.apache.catalina.startup.VersionLoggerListener.log JVM Vendor:            Oracle Corporation
20-May-2022 19:55:35.234 INFO [main] org.apache.catalina.startup.VersionLoggerListener.log CATALINA_BASE:         C:\Users\medoa\Desktop\apache-tomcat-9.0.62-windows-x64\apache-tomcat-9.0.62
20-May-2022 19:55:35.234 INFO [main] org.apache.catalina.startup.VersionLoggerListener.log CATALINA_HOME:         C:\Users\medoa\Desktop\apache-tomcat-9.0.62-windows-x64\apache-tomcat-9.0.62
20-May-2022 19:55:35.236 INFO [main] org.apache.catalina.startup.VersionLoggerListener.log Command line argument: -Djava.util.logging.config.file=C:\Users\medoa\Desktop\apache-tomcat-9.0.62-windows-x64\apache-tomcat-9.0.62\conf\logging.properties
20-May-2022 19:55:35.236 INFO [main] org.apache.catalina.startup.VersionLoggerListener.log Command line argument: -Djava.util.logging.manager=org.apache.juli.ClassLoaderLogManager
20-May-2022 19:55:35.236 INFO [main] org.apache.catalina.startup.VersionLoggerListener.log Command line argument: -Djdk.tls.ephemeralDHKeySize=2048
20-May-2022 19:55:35.236 INFO [main] org.apache.catalina.startup.VersionLoggerListener.log Command line argument: -Djava.protocol.handler.pkgs=org.apache.catalina.webresources
20-May-2022 19:55:35.236 INFO [main] org.apache.catalina.startup.VersionLoggerListener.log Command line argument: -Dignore.endorsed.dirs=
20-May-2022 19:55:35.236 INFO [main] org.apache.catalina.startup.VersionLoggerListener.log Command line argument: -Dcatalina.base=C:\Users\medoa\Desktop\apache-tomcat-9.0.62-windows-x64\apache-tomcat-9.0.62
20-May-2022 19:55:35.237 INFO [main] org.apache.catalina.startup.VersionLoggerListener.log Command line argument: -Dcatalina.home=C:\Users\medoa\Desktop\apache-tomcat-9.0.62-windows-x64\apache-tomcat-9.0.62
20-May-2022 19:55:35.237 INFO [main] org.apache.catalina.startup.VersionLoggerListener.log Command line argument: -Djava.io.tmpdir=C:\Users\medoa\Desktop\apache-tomcat-9.0.62-windows-x64\apache-tomcat-9.0.62\temp
20-May-2022 19:55:35.241 INFO [main] org.apache.catalina.core.AprLifecycleListener.lifecycleEvent Loaded Apache Tomcat Native library [1.2.32] using APR version [1.7.0].
20-May-2022 19:55:35.242 INFO [main] org.apache.catalina.core.AprLifecycleListener.lifecycleEvent APR capabilities: IPv6 [true], sendfile [true], accept filters [false], random [true], UDS [true].
20-May-2022 19:55:35.248 INFO [main] org.apache.catalina.core.AprLifecycleListener.lifecycleEvent APR/OpenSSL configuration: useAprConnector [false], useOpenSSL [true]
20-May-2022 19:55:35.258 INFO [main] org.apache.catalina.core.AprLifecycleListener.initializeSSL OpenSSL successfully initialized [OpenSSL 1.1.1n  15 Mar 2022]
20-May-2022 19:55:35.554 INFO [main] org.apache.coyote.AbstractProtocol.init Initializing ProtocolHandler ["http-nio-8080"]
20-May-2022 19:55:35.572 INFO [main] org.apache.catalina.startup.Catalina.load Server initialization in [496] milliseconds
20-May-2022 19:55:35.604 INFO [main] org.apache.catalina.core.StandardService.startInternal Starting service [Catalina]
20-May-2022 19:55:35.604 INFO [main] org.apache.catalina.core.StandardEngine.startInternal Starting Servlet engine: [Apache Tomcat/9.0.62]
20-May-2022 19:55:35.614 INFO [main] org.apache.catalina.startup.HostConfig.deployDirectory Deploying web application directory [C:\Users\medoa\Desktop\apache-tomcat-9.0.62-windows-x64\apache-tomcat-9.0.62\webapps\docs]
20-May-2022 19:55:36.377 INFO [main] org.apache.jasper.servlet.TldScanner.scanJars At least one JAR was scanned for TLDs yet contained no TLDs. Enable debug logging for this logger for a complete list of JARs that were scanned but no TLDs were found in them. Skipping unneeded JARs during scanning can improve startup time and JSP compilation time.
20-May-2022 19:55:36.657 WARNING [main] org.apache.catalina.util.SessionIdGeneratorBase.createSecureRandom Creation of SecureRandom instance for session ID generation using [SHA1PRNG] took [232] milliseconds.
20-May-2022 19:55:36.691 INFO [main] org.apache.catalina.startup.HostConfig.deployDirectory Deployment of web application directory [C:\Users\medoa\Desktop\apache-tomcat-9.0.62-windows-x64\apache-tomcat-9.0.62\webapps\docs] has finished in [1,076] ms
20-May-2022 19:55:36.691 INFO [main] org.apache.catalina.startup.HostConfig.deployDirectory Deploying web application directory [C:\Users\medoa\Desktop\apache-tomcat-9.0.62-windows-x64\apache-tomcat-9.0.62\webapps\examples]
20-May-2022 19:55:37.307 INFO [main] org.apache.jasper.servlet.TldScanner.scanJars At least one JAR was scanned for TLDs yet contained no TLDs. Enable debug logging for this logger for a complete list of JARs that were scanned but no TLDs were found in them. Skipping unneeded JARs during scanning can improve startup time and JSP compilation time.
20-May-2022 19:55:37.403 INFO [main] org.apache.catalina.startup.HostConfig.deployDirectory Deployment of web application directory [C:\Users\medoa\Desktop\apache-tomcat-9.0.62-windows-x64\apache-tomcat-9.0.62\webapps\examples] has finished in [711] ms
20-May-2022 19:55:37.403 INFO [main] org.apache.catalina.startup.HostConfig.deployDirectory Deploying web application directory [C:\Users\medoa\Desktop\apache-tomcat-9.0.62-windows-x64\apache-tomcat-9.0.62\webapps\host-manager]
20-May-2022 19:55:37.979 INFO [main] org.apache.jasper.servlet.TldScanner.scanJars At least one JAR was scanned for TLDs yet contained no TLDs. Enable debug logging for this logger for a complete list of JARs that were scanned but no TLDs were found in them. Skipping unneeded JARs during scanning can improve startup time and JSP compilation time.
20-May-2022 19:55:37.987 INFO [main] org.apache.catalina.startup.HostConfig.deployDirectory Deployment of web application directory [C:\Users\medoa\Desktop\apache-tomcat-9.0.62-windows-x64\apache-tomcat-9.0.62\webapps\host-manager] has finished in [584] ms
20-May-2022 19:55:37.988 INFO [main] org.apache.catalina.startup.HostConfig.deployDirectory Deploying web application directory [C:\Users\medoa\Desktop\apache-tomcat-9.0.62-windows-x64\apache-tomcat-9.0.62\webapps\manager]
20-May-2022 19:55:38.560 INFO [main] org.apache.jasper.servlet.TldScanner.scanJars At least one JAR was scanned for TLDs yet contained no TLDs. Enable debug logging for this logger for a complete list of JARs that were scanned but no TLDs were found in them. Skipping unneeded JARs during scanning can improve startup time and JSP compilation time.
20-May-2022 19:55:38.577 INFO [main] org.apache.catalina.startup.HostConfig.deployDirectory Deployment of web application directory [C:\Users\medoa\Desktop\apache-tomcat-9.0.62-windows-x64\apache-tomcat-9.0.62\webapps\manager] has finished in [590] ms
20-May-2022 19:55:38.579 INFO [main] org.apache.catalina.startup.HostConfig.deployDirectory Deploying web application directory [C:\Users\medoa\Desktop\apache-tomcat-9.0.62-windows-x64\apache-tomcat-9.0.62\webapps\ROOT]
20-May-2022 19:55:39.144 INFO [main] org.apache.jasper.servlet.TldScanner.scanJars At least one JAR was scanned for TLDs yet contained no TLDs. Enable debug logging for this logger for a complete list of JARs that were scanned but no TLDs were found in them. Skipping unneeded JARs during scanning can improve startup time and JSP compilation time.
20-May-2022 19:55:39.156 INFO [main] org.apache.catalina.startup.HostConfig.deployDirectory Deployment of web application directory [C:\Users\medoa\Desktop\apache-tomcat-9.0.62-windows-x64\apache-tomcat-9.0.62\webapps\ROOT] has finished in [578] ms
20-May-2022 19:55:39.163 INFO [main] org.apache.coyote.AbstractProtocol.start Starting ProtocolHandler ["http-nio-8080"]
20-May-2022 19:55:39.240 INFO [main] org.apache.catalina.startup.Catalina.start Server startup in [3667] milliseconds
20-May-2022 20:19:36.354 INFO [main] org.apache.catalina.startup.VersionLoggerListener.log Server version name:   Apache Tomcat/9.0.62
20-May-2022 20:19:36.399 INFO [main] org.apache.catalina.startup.VersionLoggerListener.log Server built:          Mar 31 2022 14:34:15 UTC
20-May-2022 20:19:36.400 INFO [main] org.apache.catalina.startup.VersionLoggerListener.log Server version number: 9.0.62.0
20-May-2022 20:19:36.401 INFO [main] org.apache.catalina.startup.VersionLoggerListener.log OS Name:               Windows 10
20-May-2022 20:19:36.402 INFO [main] org.apache.catalina.startup.VersionLoggerListener.log OS Version:            10.0
20-May-2022 20:19:36.402 INFO [main] org.apache.catalina.startup.VersionLoggerListener.log Architecture:          amd64
20-May-2022 20:19:36.403 INFO [main] org.apache.catalina.startup.VersionLoggerListener.log Java Home:             C:\Program Files\Java\jre1.8.0_311
20-May-2022 20:19:36.403 INFO [main] org.apache.catalina.startup.VersionLoggerListener.log JVM Version:           1.8.0_311-b11
20-May-2022 20:19:36.404 INFO [main] org.apache.catalina.startup.VersionLoggerListener.log JVM Vendor:            Oracle Corporation
20-May-2022 20:19:36.404 INFO [main] org.apache.catalina.startup.VersionLoggerListener.log CATALINA_BASE:         C:\Users\medoa\Desktop\apache-tomcat-9.0.62-windows-x64\apache-tomcat-9.0.62
20-May-2022 20:19:36.405 INFO [main] org.apache.catalina.startup.VersionLoggerListener.log CATALINA_HOME:         C:\Users\medoa\Desktop\apache-tomcat-9.0.62-windows-x64\apache-tomcat-9.0.62
20-May-2022 20:19:36.407 INFO [main] org.apache.catalina.startup.VersionLoggerListener.log Command line argument: -Djava.util.logging.config.file=C:\Users\medoa\Desktop\apache-tomcat-9.0.62-windows-x64\apache-tomcat-9.0.62\conf\logging.properties
20-May-2022 20:19:36.407 INFO [main] org.apache.catalina.startup.VersionLoggerListener.log Command line argument: -Djava.util.logging.manager=org.apache.juli.ClassLoaderLogManager
20-May-2022 20:19:36.408 INFO [main] org.apache.catalina.startup.VersionLoggerListener.log Command line argument: -Djdk.tls.ephemeralDHKeySize=2048
20-May-2022 20:19:36.409 INFO [main] org.apache.catalina.startup.VersionLoggerListener.log Command line argument: -Djava.protocol.handler.pkgs=org.apache.catalina.webresources
20-May-2022 20:19:36.409 INFO [main] org.apache.catalina.startup.VersionLoggerListener.log Command line argument: -Dignore.endorsed.dirs=
20-May-2022 20:19:36.410 INFO [main] org.apache.catalina.startup.VersionLoggerListener.log Command line argument: -Dcatalina.base=C:\Users\medoa\Desktop\apache-tomcat-9.0.62-windows-x64\apache-tomcat-9.0.62
20-May-2022 20:19:36.411 INFO [main] org.apache.catalina.startup.VersionLoggerListener.log Command line argument: -Dcatalina.home=C:\Users\medoa\Desktop\apache-tomcat-9.0.62-windows-x64\apache-tomcat-9.0.62
20-May-2022 20:19:36.413 INFO [main] org.apache.catalina.startup.VersionLoggerListener.log Command line argument: -Djava.io.tmpdir=C:\Users\medoa\Desktop\apache-tomcat-9.0.62-windows-x64\apache-tomcat-9.0.62\temp
20-May-2022 20:19:36.422 INFO [main] org.apache.catalina.core.AprLifecycleListener.lifecycleEvent Loaded Apache Tomcat Native library [1.2.32] using APR version [1.7.0].
20-May-2022 20:19:36.429 INFO [main] org.apache.catalina.core.AprLifecycleListener.lifecycleEvent APR capabilities: IPv6 [true], sendfile [true], accept filters [false], random [true], UDS [true].
20-May-2022 20:19:36.432 INFO [main] org.apache.catalina.core.AprLifecycleListener.lifecycleEvent APR/OpenSSL configuration: useAprConnector [false], useOpenSSL [true]
20-May-2022 20:19:36.450 INFO [main] org.apache.catalina.core.AprLifecycleListener.initializeSSL OpenSSL successfully initialized [OpenSSL 1.1.1n  15 Mar 2022]
20-May-2022 20:19:36.870 INFO [main] org.apache.coyote.AbstractProtocol.init Initializing ProtocolHandler ["http-nio-8080"]
20-May-2022 20:19:36.896 INFO [main] org.apache.catalina.startup.Catalina.load Server initialization in [685] milliseconds
20-May-2022 20:19:36.931 INFO [main] org.apache.catalina.core.StandardService.startInternal Starting service [Catalina]
20-May-2022 20:19:36.933 INFO [main] org.apache.catalina.core.StandardEngine.startInternal Starting Servlet engine: [Apache Tomcat/9.0.62]
20-May-2022 20:19:36.942 INFO [main] org.apache.catalina.startup.HostConfig.deployDirectory Deploying web application directory [C:\Users\medoa\Desktop\apache-tomcat-9.0.62-windows-x64\apache-tomcat-9.0.62\webapps\docs]
20-May-2022 20:19:37.708 INFO [main] org.apache.jasper.servlet.TldScanner.scanJars At least one JAR was scanned for TLDs yet contained no TLDs. Enable debug logging for this logger for a complete list of JARs that were scanned but no TLDs were found in them. Skipping unneeded JARs during scanning can improve startup time and JSP compilation time.
20-May-2022 20:19:37.958 WARNING [main] org.apache.catalina.util.SessionIdGeneratorBase.createSecureRandom Creation of SecureRandom instance for session ID generation using [SHA1PRNG] took [216] milliseconds.
20-May-2022 20:19:37.985 INFO [main] org.apache.catalina.startup.HostConfig.deployDirectory Deployment of web application directory [C:\Users\medoa\Desktop\apache-tomcat-9.0.62-windows-x64\apache-tomcat-9.0.62\webapps\docs] has finished in [1,043] ms
20-May-2022 20:19:37.986 INFO [main] org.apache.catalina.startup.HostConfig.deployDirectory Deploying web application directory [C:\Users\medoa\Desktop\apache-tomcat-9.0.62-windows-x64\apache-tomcat-9.0.62\webapps\examples]
20-May-2022 20:19:38.904 INFO [main] org.apache.jasper.servlet.TldScanner.scanJars At least one JAR was scanned for TLDs yet contained no TLDs. Enable debug logging for this logger for a complete list of JARs that were scanned but no TLDs were found in them. Skipping unneeded JARs during scanning can improve startup time and JSP compilation time.
20-May-2022 20:19:38.991 INFO [main] org.apache.catalina.startup.HostConfig.deployDirectory Deployment of web application directory [C:\Users\medoa\Desktop\apache-tomcat-9.0.62-windows-x64\apache-tomcat-9.0.62\webapps\examples] has finished in [1,005] ms
20-May-2022 20:19:38.991 INFO [main] org.apache.catalina.startup.HostConfig.deployDirectory Deploying web application directory [C:\Users\medoa\Desktop\apache-tomcat-9.0.62-windows-x64\apache-tomcat-9.0.62\webapps\host-manager]
20-May-2022 20:19:39.646 INFO [main] org.apache.jasper.servlet.TldScanner.scanJars At least one JAR was scanned for TLDs yet contained no TLDs. Enable debug logging for this logger for a complete list of JARs that were scanned but no TLDs were found in them. Skipping unneeded JARs during scanning can improve startup time and JSP compilation time.
20-May-2022 20:19:39.668 INFO [main] org.apache.catalina.startup.HostConfig.deployDirectory Deployment of web application directory [C:\Users\medoa\Desktop\apache-tomcat-9.0.62-windows-x64\apache-tomcat-9.0.62\webapps\host-manager] has finished in [676] ms
20-May-2022 20:19:39.669 INFO [main] org.apache.catalina.startup.HostConfig.deployDirectory Deploying web application directory [C:\Users\medoa\Desktop\apache-tomcat-9.0.62-windows-x64\apache-tomcat-9.0.62\webapps\manager]
20-May-2022 20:19:40.217 INFO [main] org.apache.jasper.servlet.TldScanner.scanJars At least one JAR was scanned for TLDs yet contained no TLDs. Enable debug logging for this logger for a complete list of JARs that were scanned but no TLDs were found in them. Skipping unneeded JARs during scanning can improve startup time and JSP compilation time.
20-May-2022 20:19:40.222 INFO [main] org.apache.catalina.startup.HostConfig.deployDirectory Deployment of web application directory [C:\Users\medoa\Desktop\apache-tomcat-9.0.62-windows-x64\apache-tomcat-9.0.62\webapps\manager] has finished in [554] ms
20-May-2022 20:19:40.222 INFO [main] org.apache.catalina.startup.HostConfig.deployDirectory Deploying web application directory [C:\Users\medoa\Desktop\apache-tomcat-9.0.62-windows-x64\apache-tomcat-9.0.62\webapps\ROOT]
20-May-2022 20:19:40.848 INFO [main] org.apache.jasper.servlet.TldScanner.scanJars At least one JAR was scanned for TLDs yet contained no TLDs. Enable debug logging for this logger for a complete list of JARs that were scanned but no TLDs were found in them. Skipping unneeded JARs during scanning can improve startup time and JSP compilation time.
20-May-2022 20:19:40.860 INFO [main] org.apache.catalina.startup.HostConfig.deployDirectory Deployment of web application directory [C:\Users\medoa\Desktop\apache-tomcat-9.0.62-windows-x64\apache-tomcat-9.0.62\webapps\ROOT] has finished in [637] ms
20-May-2022 20:19:40.864 INFO [main] org.apache.coyote.AbstractProtocol.start Starting ProtocolHandler ["http-nio-8080"]
20-May-2022 20:19:40.896 INFO [main] org.apache.catalina.startup.Catalina.start Server startup in [4000] milliseconds
20-May-2022 21:04:33.904 INFO [main] org.apache.catalina.startup.VersionLoggerListener.log Server version name:   Apache Tomcat/9.0.62
20-May-2022 21:04:33.907 INFO [main] org.apache.catalina.startup.VersionLoggerListener.log Server built:          Mar 31 2022 14:34:15 UTC
20-May-2022 21:04:33.907 INFO [main] org.apache.catalina.startup.VersionLoggerListener.log Server version number: 9.0.62.0
20-May-2022 21:04:33.907 INFO [main] org.apache.catalina.startup.VersionLoggerListener.log OS Name:               Windows 10
20-May-2022 21:04:33.907 INFO [main] org.apache.catalina.startup.VersionLoggerListener.log OS Version:            10.0
20-May-2022 21:04:33.907 INFO [main] org.apache.catalina.startup.VersionLoggerListener.log Architecture:          amd64
20-May-2022 21:04:33.907 INFO [main] org.apache.catalina.startup.VersionLoggerListener.log Java Home:             C:\Program Files\Java\jre1.8.0_311
20-May-2022 21:04:33.908 INFO [main] org.apache.catalina.startup.VersionLoggerListener.log JVM Version:           1.8.0_311-b11
20-May-2022 21:04:33.908 INFO [main] org.apache.catalina.startup.VersionLoggerListener.log JVM Vendor:            Oracle Corporation
20-May-2022 21:04:33.908 INFO [main] org.apache.catalina.startup.VersionLoggerListener.log CATALINA_BASE:         C:\Users\medoa\Desktop\apache-tomcat-9.0.62-windows-x64\apache-tomcat-9.0.62
20-May-2022 21:04:33.908 INFO [main] org.apache.catalina.startup.VersionLoggerListener.log CATALINA_HOME:         C:\Users\medoa\Desktop\apache-tomcat-9.0.62-windows-x64\apache-tomcat-9.0.62
20-May-2022 21:04:33.908 INFO [main] org.apache.catalina.startup.VersionLoggerListener.log Command line argument: -Djava.util.logging.config.file=C:\Users\medoa\Desktop\apache-tomcat-9.0.62-windows-x64\apache-tomcat-9.0.62\conf\logging.properties
20-May-2022 21:04:33.909 INFO [main] org.apache.catalina.startup.VersionLoggerListener.log Command line argument: -Djava.util.logging.manager=org.apache.juli.ClassLoaderLogManager
20-May-2022 21:04:33.909 INFO [main] org.apache.catalina.startup.VersionLoggerListener.log Command line argument: -Djdk.tls.ephemeralDHKeySize=2048
20-May-2022 21:04:33.909 INFO [main] org.apache.catalina.startup.VersionLoggerListener.log Command line argument: -Djava.protocol.handler.pkgs=org.apache.catalina.webresources
20-May-2022 21:04:33.909 INFO [main] org.apache.catalina.startup.VersionLoggerListener.log Command line argument: -Dignore.endorsed.dirs=
20-May-2022 21:04:33.909 INFO [main] org.apache.catalina.startup.VersionLoggerListener.log Command line argument: -Dcatalina.base=C:\Users\medoa\Desktop\apache-tomcat-9.0.62-windows-x64\apache-tomcat-9.0.62
20-May-2022 21:04:33.910 INFO [main] org.apache.catalina.startup.VersionLoggerListener.log Command line argument: -Dcatalina.home=C:\Users\medoa\Desktop\apache-tomcat-9.0.62-windows-x64\apache-tomcat-9.0.62
20-May-2022 21:04:33.910 INFO [main] org.apache.catalina.startup.VersionLoggerListener.log Command line argument: -Djava.io.tmpdir=C:\Users\medoa\Desktop\apache-tomcat-9.0.62-windows-x64\apache-tomcat-9.0.62\temp
20-May-2022 21:04:33.913 INFO [main] org.apache.catalina.core.AprLifecycleListener.lifecycleEvent Loaded Apache Tomcat Native library [1.2.32] using APR version [1.7.0].
20-May-2022 21:04:33.913 INFO [main] org.apache.catalina.core.AprLifecycleListener.lifecycleEvent APR capabilities: IPv6 [true], sendfile [true], accept filters [false], random [true], UDS [true].
20-May-2022 21:04:33.914 INFO [main] org.apache.catalina.core.AprLifecycleListener.lifecycleEvent APR/OpenSSL configuration: useAprConnector [false], useOpenSSL [true]
20-May-2022 21:04:33.919 INFO [main] org.apache.catalina.core.AprLifecycleListener.initializeSSL OpenSSL successfully initialized [OpenSSL 1.1.1n  15 Mar 2022]
20-May-2022 21:04:34.387 INFO [main] org.apache.coyote.AbstractProtocol.init Initializing ProtocolHandler ["http-nio-8080"]
20-May-2022 21:04:34.412 INFO [main] org.apache.catalina.startup.Catalina.load Server initialization in [668] milliseconds
20-May-2022 21:04:34.449 INFO [main] org.apache.catalina.core.StandardService.startInternal Starting service [Catalina]
20-May-2022 21:04:34.450 INFO [main] org.apache.catalina.core.StandardEngine.startInternal Starting Servlet engine: [Apache Tomcat/9.0.62]
20-May-2022 21:04:34.459 INFO [main] org.apache.catalina.startup.HostConfig.deployDirectory Deploying web application directory [C:\Users\medoa\Desktop\apache-tomcat-9.0.62-windows-x64\apache-tomcat-9.0.62\webapps\docs]
20-May-2022 21:04:35.345 INFO [main] org.apache.jasper.servlet.TldScanner.scanJars At least one JAR was scanned for TLDs yet contained no TLDs. Enable debug logging for this logger for a complete list of JARs that were scanned but no TLDs were found in them. Skipping unneeded JARs during scanning can improve startup time and JSP compilation time.
20-May-2022 21:04:35.634 WARNING [main] org.apache.catalina.util.SessionIdGeneratorBase.createSecureRandom Creation of SecureRandom instance for session ID generation using [SHA1PRNG] took [247] milliseconds.
20-May-2022 21:04:35.658 INFO [main] org.apache.catalina.startup.HostConfig.deployDirectory Deployment of web application directory [C:\Users\medoa\Desktop\apache-tomcat-9.0.62-windows-x64\apache-tomcat-9.0.62\webapps\docs] has finished in [1,199] ms
20-May-2022 21:04:35.659 INFO [main] org.apache.catalina.startup.HostConfig.deployDirectory Deploying web application directory [C:\Users\medoa\Desktop\apache-tomcat-9.0.62-windows-x64\apache-tomcat-9.0.62\webapps\examples]
20-May-2022 21:04:37.383 INFO [main] org.apache.jasper.servlet.TldScanner.scanJars At least one JAR was scanned for TLDs yet contained no TLDs. Enable debug logging for this logger for a complete list of JARs that were scanned but no TLDs were found in them. Skipping unneeded JARs during scanning can improve startup time and JSP compilation time.
20-May-2022 21:04:37.457 INFO [main] org.apache.catalina.startup.HostConfig.deployDirectory Deployment of web application directory [C:\Users\medoa\Desktop\apache-tomcat-9.0.62-windows-x64\apache-tomcat-9.0.62\webapps\examples] has finished in [1,799] ms
20-May-2022 21:04:37.457 INFO [main] org.apache.catalina.startup.HostConfig.deployDirectory Deploying web application directory [C:\Users\medoa\Desktop\apache-tomcat-9.0.62-windows-x64\apache-tomcat-9.0.62\webapps\host-manager]
20-May-2022 21:04:37.935 INFO [main] org.apache.jasper.servlet.TldScanner.scanJars At least one JAR was scanned for TLDs yet contained no TLDs. Enable debug logging for this logger for a complete list of JARs that were scanned but no TLDs were found in them. Skipping unneeded JARs during scanning can improve startup time and JSP compilation time.
20-May-2022 21:04:37.947 INFO [main] org.apache.catalina.startup.HostConfig.deployDirectory Deployment of web application directory [C:\Users\medoa\Desktop\apache-tomcat-9.0.62-windows-x64\apache-tomcat-9.0.62\webapps\host-manager] has finished in [490] ms
20-May-2022 21:04:37.947 INFO [main] org.apache.catalina.startup.HostConfig.deployDirectory Deploying web application directory [C:\Users\medoa\Desktop\apache-tomcat-9.0.62-windows-x64\apache-tomcat-9.0.62\webapps\manager]
20-May-2022 21:04:38.531 INFO [main] org.apache.jasper.servlet.TldScanner.scanJars At least one JAR was scanned for TLDs yet contained no TLDs. Enable debug logging for this logger for a complete list of JARs that were scanned but no TLDs were found in them. Skipping unneeded JARs during scanning can improve startup time and JSP compilation time.
20-May-2022 21:04:38.540 INFO [main] org.apache.catalina.startup.HostConfig.deployDirectory Deployment of web application directory [C:\Users\medoa\Desktop\apache-tomcat-9.0.62-windows-x64\apache-tomcat-9.0.62\webapps\manager] has finished in [593] ms
20-May-2022 21:04:38.540 INFO [main] org.apache.catalina.startup.HostConfig.deployDirectory Deploying web application directory [C:\Users\medoa\Desktop\apache-tomcat-9.0.62-windows-x64\apache-tomcat-9.0.62\webapps\ROOT]
20-May-2022 21:04:39.066 INFO [main] org.apache.jasper.servlet.TldScanner.scanJars At least one JAR was scanned for TLDs yet contained no TLDs. Enable debug logging for this logger for a complete list of JARs that were scanned but no TLDs were found in them. Skipping unneeded JARs during scanning can improve startup time and JSP compilation time.
20-May-2022 21:04:39.133 INFO [main] org.apache.catalina.startup.HostConfig.deployDirectory Deployment of web application directory [C:\Users\medoa\Desktop\apache-tomcat-9.0.62-windows-x64\apache-tomcat-9.0.62\webapps\ROOT] has finished in [593] ms
20-May-2022 21:04:39.142 INFO [main] org.apache.coyote.AbstractProtocol.start Starting ProtocolHandler ["http-nio-8080"]
20-May-2022 21:04:39.165 INFO [main] org.apache.catalina.startup.Catalina.start Server startup in [4752] milliseconds
20-May-2022 21:21:28.676 INFO [main] org.apache.catalina.startup.VersionLoggerListener.log Server version name:   Apache Tomcat/9.0.62
20-May-2022 21:21:28.678 INFO [main] org.apache.catalina.startup.VersionLoggerListener.log Server built:          Mar 31 2022 14:34:15 UTC
20-May-2022 21:21:28.679 INFO [main] org.apache.catalina.startup.VersionLoggerListener.log Server version number: 9.0.62.0
20-May-2022 21:21:28.679 INFO [main] org.apache.catalina.startup.VersionLoggerListener.log OS Name:               Windows 10
20-May-2022 21:21:28.679 INFO [main] org.apache.catalina.startup.VersionLoggerListener.log OS Version:            10.0
20-May-2022 21:21:28.679 INFO [main] org.apache.catalina.startup.VersionLoggerListener.log Architecture:          amd64
20-May-2022 21:21:28.679 INFO [main] org.apache.catalina.startup.VersionLoggerListener.log Java Home:             C:\Program Files\Java\jre1.8.0_311
20-May-2022 21:21:28.679 INFO [main] org.apache.catalina.startup.VersionLoggerListener.log JVM Version:           1.8.0_311-b11
20-May-2022 21:21:28.679 INFO [main] org.apache.catalina.startup.VersionLoggerListener.log JVM Vendor:            Oracle Corporation
20-May-2022 21:21:28.679 INFO [main] org.apache.catalina.startup.VersionLoggerListener.log CATALINA_BASE:         C:\Users\medoa\Desktop\apache-tomcat-9.0.62-windows-x64\apache-tomcat-9.0.62
20-May-2022 21:21:28.679 INFO [main] org.apache.catalina.startup.VersionLoggerListener.log CATALINA_HOME:         C:\Users\medoa\Desktop\apache-tomcat-9.0.62-windows-x64\apache-tomcat-9.0.62
20-May-2022 21:21:28.680 INFO [main] org.apache.catalina.startup.VersionLoggerListener.log Command line argument: -Djava.util.logging.config.file=C:\Users\medoa\Desktop\apache-tomcat-9.0.62-windows-x64\apache-tomcat-9.0.62\conf\logging.properties
20-May-2022 21:21:28.681 INFO [main] org.apache.catalina.startup.VersionLoggerListener.log Command line argument: -Djava.util.logging.manager=org.apache.juli.ClassLoaderLogManager
20-May-2022 21:21:28.681 INFO [main] org.apache.catalina.startup.VersionLoggerListener.log Command line argument: -Djdk.tls.ephemeralDHKeySize=2048
20-May-2022 21:21:28.681 INFO [main] org.apache.catalina.startup.VersionLoggerListener.log Command line argument: -Djava.protocol.handler.pkgs=org.apache.catalina.webresources
20-May-2022 21:21:28.681 INFO [main] org.apache.catalina.startup.VersionLoggerListener.log Command line argument: -Dignore.endorsed.dirs=
20-May-2022 21:21:28.681 INFO [main] org.apache.catalina.startup.VersionLoggerListener.log Command line argument: -Dcatalina.base=C:\Users\medoa\Desktop\apache-tomcat-9.0.62-windows-x64\apache-tomcat-9.0.62
20-May-2022 21:21:28.681 INFO [main] org.apache.catalina.startup.VersionLoggerListener.log Command line argument: -Dcatalina.home=C:\Users\medoa\Desktop\apache-tomcat-9.0.62-windows-x64\apache-tomcat-9.0.62
20-May-2022 21:21:28.681 INFO [main] org.apache.catalina.startup.VersionLoggerListener.log Command line argument: -Djava.io.tmpdir=C:\Users\medoa\Desktop\apache-tomcat-9.0.62-windows-x64\apache-tomcat-9.0.62\temp
20-May-2022 21:21:28.684 INFO [main] org.apache.catalina.core.AprLifecycleListener.lifecycleEvent Loaded Apache Tomcat Native library [1.2.32] using APR version [1.7.0].
20-May-2022 21:21:28.684 INFO [main] org.apache.catalina.core.AprLifecycleListener.lifecycleEvent APR capabilities: IPv6 [true], sendfile [true], accept filters [false], random [true], UDS [true].
20-May-2022 21:21:28.685 INFO [main] org.apache.catalina.core.AprLifecycleListener.lifecycleEvent APR/OpenSSL configuration: useAprConnector [false], useOpenSSL [true]
20-May-2022 21:21:28.688 INFO [main] org.apache.catalina.core.AprLifecycleListener.initializeSSL OpenSSL successfully initialized [OpenSSL 1.1.1n  15 Mar 2022]
20-May-2022 21:21:28.989 INFO [main] org.apache.coyote.AbstractProtocol.init Initializing ProtocolHandler ["http-nio-8080"]
20-May-2022 21:21:29.020 INFO [main] org.apache.catalina.startup.Catalina.load Server initialization in [486] milliseconds
20-May-2022 21:21:29.050 INFO [main] org.apache.catalina.core.StandardService.startInternal Starting service [Catalina]
20-May-2022 21:21:29.051 INFO [main] org.apache.catalina.core.StandardEngine.startInternal Starting Servlet engine: [Apache Tomcat/9.0.62]
20-May-2022 21:21:29.061 INFO [main] org.apache.catalina.startup.HostConfig.deployDirectory Deploying web application directory [C:\Users\medoa\Desktop\apache-tomcat-9.0.62-windows-x64\apache-tomcat-9.0.62\webapps\docs]
20-May-2022 21:21:29.809 INFO [main] org.apache.jasper.servlet.TldScanner.scanJars At least one JAR was scanned for TLDs yet contained no TLDs. Enable debug logging for this logger for a complete list of JARs that were scanned but no TLDs were found in them. Skipping unneeded JARs during scanning can improve startup time and JSP compilation time.
20-May-2022 21:21:30.060 WARNING [main] org.apache.catalina.util.SessionIdGeneratorBase.createSecureRandom Creation of SecureRandom instance for session ID generation using [SHA1PRNG] took [203] milliseconds.
20-May-2022 21:21:30.079 INFO [main] org.apache.catalina.startup.HostConfig.deployDirectory Deployment of web application directory [C:\Users\medoa\Desktop\apache-tomcat-9.0.62-windows-x64\apache-tomcat-9.0.62\webapps\docs] has finished in [1,018] ms
20-May-2022 21:21:30.080 INFO [main] org.apache.catalina.startup.HostConfig.deployDirectory Deploying web application directory [C:\Users\medoa\Desktop\apache-tomcat-9.0.62-windows-x64\apache-tomcat-9.0.62\webapps\examples]
20-May-2022 21:21:30.767 INFO [main] org.apache.jasper.servlet.TldScanner.scanJars At least one JAR was scanned for TLDs yet contained no TLDs. Enable debug logging for this logger for a complete list of JARs that were scanned but no TLDs were found in them. Skipping unneeded JARs during scanning can improve startup time and JSP compilation time.
20-May-2022 21:21:30.870 INFO [main] org.apache.catalina.startup.HostConfig.deployDirectory Deployment of web application directory [C:\Users\medoa\Desktop\apache-tomcat-9.0.62-windows-x64\apache-tomcat-9.0.62\webapps\examples] has finished in [790] ms
20-May-2022 21:21:30.872 INFO [main] org.apache.catalina.startup.HostConfig.deployDirectory Deploying web application directory [C:\Users\medoa\Desktop\apache-tomcat-9.0.62-windows-x64\apache-tomcat-9.0.62\webapps\host-manager]
20-May-2022 21:21:31.817 INFO [main] org.apache.jasper.servlet.TldScanner.scanJars At least one JAR was scanned for TLDs yet contained no TLDs. Enable debug logging for this logger for a complete list of JARs that were scanned but no TLDs were found in them. Skipping unneeded JARs during scanning can improve startup time and JSP compilation time.
20-May-2022 21:21:31.835 INFO [main] org.apache.catalina.startup.HostConfig.deployDirectory Deployment of web application directory [C:\Users\medoa\Desktop\apache-tomcat-9.0.62-windows-x64\apache-tomcat-9.0.62\webapps\host-manager] has finished in [963] ms
20-May-2022 21:21:31.836 INFO [main] org.apache.catalina.startup.HostConfig.deployDirectory Deploying web application directory [C:\Users\medoa\Desktop\apache-tomcat-9.0.62-windows-x64\apache-tomcat-9.0.62\webapps\manager]
20-May-2022 21:21:32.538 INFO [main] org.apache.jasper.servlet.TldScanner.scanJars At least one JAR was scanned for TLDs yet contained no TLDs. Enable debug logging for this logger for a complete list of JARs that were scanned but no TLDs were found in them. Skipping unneeded JARs during scanning can improve startup time and JSP compilation time.
20-May-2022 21:21:32.550 INFO [main] org.apache.catalina.startup.HostConfig.deployDirectory Deployment of web application directory [C:\Users\medoa\Desktop\apache-tomcat-9.0.62-windows-x64\apache-tomcat-9.0.62\webapps\manager] has finished in [714] ms
20-May-2022 21:21:32.550 INFO [main] org.apache.catalina.startup.HostConfig.deployDirectory Deploying web application directory [C:\Users\medoa\Desktop\apache-tomcat-9.0.62-windows-x64\apache-tomcat-9.0.62\webapps\ROOT]
20-May-2022 21:21:33.512 INFO [main] org.apache.jasper.servlet.TldScanner.scanJars At least one JAR was scanned for TLDs yet contained no TLDs. Enable debug logging for this logger for a complete list of JARs that were scanned but no TLDs were found in them. Skipping unneeded JARs during scanning can improve startup time and JSP compilation time.
20-May-2022 21:21:33.573 INFO [main] org.apache.catalina.startup.HostConfig.deployDirectory Deployment of web application directory [C:\Users\medoa\Desktop\apache-tomcat-9.0.62-windows-x64\apache-tomcat-9.0.62\webapps\ROOT] has finished in [1,023] ms
20-May-2022 21:21:33.595 INFO [main] org.apache.coyote.AbstractProtocol.start Starting ProtocolHandler ["http-nio-8080"]
20-May-2022 21:21:33.629 INFO [main] org.apache.catalina.startup.Catalina.start Server startup in [4608] milliseconds
